Using pre-set license
Built from '2020.3/staging' branch; Version is '2020.3.21f1 (a38c86f6690f) revision 10718342'; Using compiler version '192528614'; Build Type 'Release'
OS: 'Windows 10 Pro; OS build 19041.1415; Version 2004; 64bit' Language: 'en' Physical Memory: 16295 MB
BatchMode: 1, IsHumanControllingUs: 0, StartBugReporterOnCrash: 0, Is64bit: 1, IsPro: 0

COMMAND LINE ARGUMENTS:
D:\Unity\Projects\2020.3.21f1\Editor\Unity.exe
-adb2
-batchMode
-noUpm
-name
AssetImportWorker0
-projectPath
D:/weirdsho/weirdsho
-logFile
Logs/AssetImportWorker0.log
-srvPort
64110
Successfully changed project path to: D:/weirdsho/weirdsho
D:/weirdsho/weirdsho
Using Asset Import Pipeline V2.
Refreshing native plugins compatible for Editor in 64.08 ms, found 2 plugins.
Preloading 0 native plugins for Editor in 0.00 ms.
Initialize engine version: 2020.3.21f1 (a38c86f6690f)
[Subsystems] Discovering subsystems at path D:/Unity/Projects/2020.3.21f1/Editor/Data/Resources/UnitySubsystems
[Subsystems] Discovering subsystems at path D:/weirdsho/weirdsho/Assets
GfxDevice: creating device client; threaded=0
Direct3D:
    Version:  Direct3D 11.0 [level 11.1]
    Renderer: NVIDIA GeForce GTX 1050 Ti (ID=0x1c82)
    Vendor:   
    VRAM:     4018 MB
    Driver:   30.0.14.7212
Initialize mono
Mono path[0] = 'D:/Unity/Projects/2020.3.21f1/Editor/Data/Managed'
Mono path[1] = 'D:/Unity/Projects/2020.3.21f1/Editor/Data/MonoBleedingEdge/lib/mono/unityjit'
Mono config path = 'D:/Unity/Projects/2020.3.21f1/Editor/Data/MonoBleedingEdge/etc'
Using monoOptions --debugger-agent=transport=dt_socket,embedding=1,server=y,suspend=n,address=127.0.0.1:56076
Begin MonoManager ReloadAssembly
Registering precompiled unity dll's ...
Register platform support module: D:/Unity/Projects/2020.3.21f1/Editor/Data/PlaybackEngines/WindowsStandaloneSupport/UnityEditor.WindowsStandalone.Extensions.dll
Registered in 0.001200 seconds.
Native extension for WindowsStandalone target not found
Refreshing native plugins compatible for Editor in 44.70 ms, found 2 plugins.
Preloading 0 native plugins for Editor in 0.00 ms.
Mono: successfully reloaded assembly
- Completed reload, in  1.132 seconds
Domain Reload Profiling:
	ReloadAssembly (1133ms)
		BeginReloadAssembly (62ms)
			ExecutionOrderSort (0ms)
			DisableScriptedObjects (0ms)
			BackupInstance (0ms)
			ReleaseScriptingObjects (0ms)
			CreateAndSetChildDomain (1ms)
		EndReloadAssembly (558ms)
			LoadAssemblies (61ms)
			RebuildTransferFunctionScriptingTraits (0ms)
			SetupTypeCache (190ms)
			ReleaseScriptCaches (0ms)
			RebuildScriptCaches (40ms)
			SetupLoadedEditorAssemblies (209ms)
				LogAssemblyErrors (0ms)
				InitializePlatformSupportModulesInManaged (4ms)
				SetLoadedEditorAssemblies (0ms)
				RefreshPlugins (45ms)
				BeforeProcessingInitializeOnLoad (20ms)
				ProcessInitializeOnLoadAttributes (106ms)
				ProcessInitializeOnLoadMethodAttributes (34ms)
				AfterProcessingInitializeOnLoad (0ms)
				EditorAssembliesLoaded (0ms)
			ExecutionOrderSort2 (0ms)
			AwakeInstancesAfterBackupRestoration (0ms)
Platform modules already initialized, skipping
Registering precompiled user dll's ...
Registered in 0.005203 seconds.
Begin MonoManager ReloadAssembly
Native extension for WindowsStandalone target not found
Refreshing native plugins compatible for Editor in 0.42 ms, found 2 plugins.
Preloading 0 native plugins for Editor in 0.00 ms.
Mono: successfully reloaded assembly
- Completed reload, in  1.288 seconds
Domain Reload Profiling:
	ReloadAssembly (1289ms)
		BeginReloadAssembly (181ms)
			ExecutionOrderSort (0ms)
			DisableScriptedObjects (6ms)
			BackupInstance (0ms)
			ReleaseScriptingObjects (0ms)
			CreateAndSetChildDomain (25ms)
		EndReloadAssembly (1038ms)
			LoadAssemblies (112ms)
			RebuildTransferFunctionScriptingTraits (0ms)
			SetupTypeCache (375ms)
			ReleaseScriptCaches (0ms)
			RebuildScriptCaches (55ms)
			SetupLoadedEditorAssemblies (388ms)
				LogAssemblyErrors (0ms)
				InitializePlatformSupportModulesInManaged (6ms)
				SetLoadedEditorAssemblies (0ms)
				RefreshPlugins (0ms)
				BeforeProcessingInitializeOnLoad (97ms)
				ProcessInitializeOnLoadAttributes (260ms)
				ProcessInitializeOnLoadMethodAttributes (21ms)
				AfterProcessingInitializeOnLoad (3ms)
				EditorAssembliesLoaded (0ms)
			ExecutionOrderSort2 (0ms)
			AwakeInstancesAfterBackupRestoration (8ms)
Platform modules already initialized, skipping
========================================================================
Worker process is ready to serve import requests
Launched and connected shader compiler UnityShaderCompiler.exe after 0.09 seconds
Refreshing native plugins compatible for Editor in 0.43 ms, found 2 plugins.
Preloading 0 native plugins for Editor in 0.00 ms.
Unloading 1813 Unused Serialized files (Serialized files now loaded: 0)
System memory in use before: 77.3 MB.
System memory in use after: 77.3 MB.

Unloading 24 unused Assets to reduce memory usage. Loaded Objects now: 2240.
Total: 3.774500 ms (FindLiveObjects: 0.159100 ms CreateObjectMapping: 0.062300 ms MarkObjects: 3.452600 ms  DeleteObjects: 0.099600 ms)

AssetImportParameters requested are different than current active one (requested -> active):
  custom:framework-win-MediaFoundation: 216162199b28c13a410421893ffa2e32 -> 
  custom:video-decoder-ogg-theora: a1e56fd34408186e4bbccfd4996cb3dc -> 
  custom:container-muxer-webm: aa71ff27fc2769a1b78a27578f13a17b -> 
  custom:container-demuxer-webm: 4f35f7cbe854078d1ac9338744f61a02 -> 
  custom:container-demuxer-ogg: 62fdf1f143b41e24485cea50d1cbac27 -> 
  custom:video-encoder-webm-vp8: eb34c28f22e8b96e1ab97ce403110664 -> 
  custom:video-decoder-webm-vp8: 9c59270c3fd7afecdb556c50c9e8de78 -> 
  custom:audio-decoder-ogg-vorbis: bf7c407c2cedff20999df2af8eb42d56 -> 
  custom:audio-encoder-webm-vorbis: bf7c407c2cedff20999df2af8eb42d56 -> 
========================================================================
Received Import Request.
  path: Assets
  artifactKey: Guid(00000000000000001000000000000000) Importer(815301076,1909f56bfc062723c751e8b465ee728b)
Start importing Assets using Guid(00000000000000001000000000000000) Importer(815301076,1909f56bfc062723c751e8b465ee728b)  -> (artifact id: '42d402b061de3733987d63b9cc3b64de') in 0.008615 seconds 
  Import took 0.011794 seconds .

========================================================================
Received Import Request.
  Time since last request: 1.670836 seconds.
  path: Assets/PlayerMovement.cs
  artifactKey: Guid(95e93dd4a64ebe948b89b34c498629df) Importer(815301076,1909f56bfc062723c751e8b465ee728b)
Start importing Assets/PlayerMovement.cs using Guid(95e93dd4a64ebe948b89b34c498629df) Importer(815301076,1909f56bfc062723c751e8b465ee728b)  -> (artifact id: '0ad49914f52c5596618c627679339dff') in 0.042203 seconds 
  Import took 0.046382 seconds .

========================================================================
Received Prepare
Registering precompiled user dll's ...
Registered in 0.004960 seconds.
Begin MonoManager ReloadAssembly
Native extension for WindowsStandalone target not found
Refreshing native plugins compatible for Editor in 0.45 ms, found 2 plugins.
Preloading 0 native plugins for Editor in 0.00 ms.
Mono: successfully reloaded assembly
- Completed reload, in  1.283 seconds
Domain Reload Profiling:
	ReloadAssembly (1284ms)
		BeginReloadAssembly (134ms)
			ExecutionOrderSort (0ms)
			DisableScriptedObjects (5ms)
			BackupInstance (0ms)
			ReleaseScriptingObjects (0ms)
			CreateAndSetChildDomain (38ms)
		EndReloadAssembly (1082ms)
			LoadAssemblies (105ms)
			RebuildTransferFunctionScriptingTraits (0ms)
			SetupTypeCache (438ms)
			ReleaseScriptCaches (1ms)
			RebuildScriptCaches (46ms)
			SetupLoadedEditorAssemblies (379ms)
				LogAssemblyErrors (0ms)
				InitializePlatformSupportModulesInManaged (5ms)
				SetLoadedEditorAssemblies (0ms)
				RefreshPlugins (1ms)
				BeforeProcessingInitializeOnLoad (82ms)
				ProcessInitializeOnLoadAttributes (265ms)
				ProcessInitializeOnLoadMethodAttributes (22ms)
				AfterProcessingInitializeOnLoad (3ms)
				EditorAssembliesLoaded (0ms)
			ExecutionOrderSort2 (0ms)
			AwakeInstancesAfterBackupRestoration (8ms)
Platform modules already initialized, skipping
Refreshing native plugins compatible for Editor in 0.45 ms, found 2 plugins.
Preloading 0 native plugins for Editor in 0.00 ms.
Unloading 1808 Unused Serialized files (Serialized files now loaded: 0)
System memory in use before: 77.1 MB.
System memory in use after: 77.3 MB.

Unloading 19 unused Assets to reduce memory usage. Loaded Objects now: 2243.
Total: 3.789500 ms (FindLiveObjects: 0.183900 ms CreateObjectMapping: 0.077600 ms MarkObjects: 3.462500 ms  DeleteObjects: 0.064200 ms)

AssetImportParameters requested are different than current active one (requested -> active):
  custom:framework-win-MediaFoundation: 216162199b28c13a410421893ffa2e32 -> 
  custom:video-decoder-ogg-theora: a1e56fd34408186e4bbccfd4996cb3dc -> 
  custom:container-muxer-webm: aa71ff27fc2769a1b78a27578f13a17b -> 
  custom:container-demuxer-webm: 4f35f7cbe854078d1ac9338744f61a02 -> 
  custom:container-demuxer-ogg: 62fdf1f143b41e24485cea50d1cbac27 -> 
  custom:video-encoder-webm-vp8: eb34c28f22e8b96e1ab97ce403110664 -> 
  custom:video-decoder-webm-vp8: 9c59270c3fd7afecdb556c50c9e8de78 -> 
  custom:audio-decoder-ogg-vorbis: bf7c407c2cedff20999df2af8eb42d56 -> 
  custom:audio-encoder-webm-vorbis: bf7c407c2cedff20999df2af8eb42d56 -> 
========================================================================
Received Import Request.
  Time since last request: 7.395292 seconds.
  path: Assets/scripts
  artifactKey: Guid(5c42c41db9b2b534db7a8291994869cd) Importer(815301076,1909f56bfc062723c751e8b465ee728b)
Start importing Assets/scripts using Guid(5c42c41db9b2b534db7a8291994869cd) Importer(815301076,1909f56bfc062723c751e8b465ee728b)  -> (artifact id: 'c31ccd8a6565e0030044156ebc96117b') in 0.011713 seconds 
  Import took 0.016931 seconds .

========================================================================
Received Prepare
Registering precompiled user dll's ...
Registered in 0.005555 seconds.
Begin MonoManager ReloadAssembly
Native extension for WindowsStandalone target not found
Refreshing native plugins compatible for Editor in 0.48 ms, found 2 plugins.
Preloading 0 native plugins for Editor in 0.00 ms.
Mono: successfully reloaded assembly
- Completed reload, in  1.394 seconds
Domain Reload Profiling:
	ReloadAssembly (1394ms)
		BeginReloadAssembly (154ms)
			ExecutionOrderSort (0ms)
			DisableScriptedObjects (5ms)
			BackupInstance (0ms)
			ReleaseScriptingObjects (0ms)
			CreateAndSetChildDomain (53ms)
		EndReloadAssembly (1154ms)
			LoadAssemblies (119ms)
			RebuildTransferFunctionScriptingTraits (0ms)
			SetupTypeCache (447ms)
			ReleaseScriptCaches (1ms)
			RebuildScriptCaches (48ms)
			SetupLoadedEditorAssemblies (379ms)
				LogAssemblyErrors (0ms)
				InitializePlatformSupportModulesInManaged (6ms)
				SetLoadedEditorAssemblies (1ms)
				RefreshPlugins (1ms)
				BeforeProcessingInitializeOnLoad (92ms)
				ProcessInitializeOnLoadAttributes (252ms)
				ProcessInitializeOnLoadMethodAttributes (24ms)
				AfterProcessingInitializeOnLoad (3ms)
				EditorAssembliesLoaded (0ms)
			ExecutionOrderSort2 (0ms)
			AwakeInstancesAfterBackupRestoration (8ms)
Platform modules already initialized, skipping
Refreshing native plugins compatible for Editor in 0.71 ms, found 2 plugins.
Preloading 0 native plugins for Editor in 0.00 ms.
Unloading 1808 Unused Serialized files (Serialized files now loaded: 0)
System memory in use before: 77.2 MB.
System memory in use after: 77.3 MB.

Unloading 19 unused Assets to reduce memory usage. Loaded Objects now: 2245.
Total: 3.743700 ms (FindLiveObjects: 0.183700 ms CreateObjectMapping: 0.080900 ms MarkObjects: 3.454400 ms  DeleteObjects: 0.023400 ms)

AssetImportParameters requested are different than current active one (requested -> active):
  custom:framework-win-MediaFoundation: 216162199b28c13a410421893ffa2e32 -> 
  custom:video-decoder-ogg-theora: a1e56fd34408186e4bbccfd4996cb3dc -> 
  custom:container-muxer-webm: aa71ff27fc2769a1b78a27578f13a17b -> 
  custom:container-demuxer-webm: 4f35f7cbe854078d1ac9338744f61a02 -> 
  custom:container-demuxer-ogg: 62fdf1f143b41e24485cea50d1cbac27 -> 
  custom:video-encoder-webm-vp8: eb34c28f22e8b96e1ab97ce403110664 -> 
  custom:video-decoder-webm-vp8: 9c59270c3fd7afecdb556c50c9e8de78 -> 
  custom:audio-decoder-ogg-vorbis: bf7c407c2cedff20999df2af8eb42d56 -> 
  custom:audio-encoder-webm-vorbis: bf7c407c2cedff20999df2af8eb42d56 -> 
========================================================================
Received Import Request.
  Time since last request: 34.773788 seconds.
  path: Assets/scripts/isGrounded.cs
  artifactKey: Guid(3e9cd03f5f497dc45b16912843999b0b) Importer(815301076,1909f56bfc062723c751e8b465ee728b)
Start importing Assets/scripts/isGrounded.cs using Guid(3e9cd03f5f497dc45b16912843999b0b) Importer(815301076,1909f56bfc062723c751e8b465ee728b)  -> (artifact id: '5fe4c70df4f1b0449141e87be6aa77de') in 0.012301 seconds 
  Import took 0.015761 seconds .

========================================================================
Received Prepare
Registering precompiled user dll's ...
Registered in 0.010514 seconds.
Begin MonoManager ReloadAssembly
Native extension for WindowsStandalone target not found
Refreshing native plugins compatible for Editor in 0.59 ms, found 2 plugins.
Preloading 0 native plugins for Editor in 0.00 ms.
Mono: successfully reloaded assembly
- Completed reload, in  1.341 seconds
Domain Reload Profiling:
	ReloadAssembly (1347ms)
		BeginReloadAssembly (134ms)
			ExecutionOrderSort (0ms)
			DisableScriptedObjects (5ms)
			BackupInstance (0ms)
			ReleaseScriptingObjects (0ms)
			CreateAndSetChildDomain (43ms)
		EndReloadAssembly (1114ms)
			LoadAssemblies (114ms)
			RebuildTransferFunctionScriptingTraits (0ms)
			SetupTypeCache (432ms)
			ReleaseScriptCaches (1ms)
			RebuildScriptCaches (47ms)
			SetupLoadedEditorAssemblies (364ms)
				LogAssemblyErrors (0ms)
				InitializePlatformSupportModulesInManaged (7ms)
				SetLoadedEditorAssemblies (1ms)
				RefreshPlugins (1ms)
				BeforeProcessingInitializeOnLoad (94ms)
				ProcessInitializeOnLoadAttributes (236ms)
				ProcessInitializeOnLoadMethodAttributes (21ms)
				AfterProcessingInitializeOnLoad (4ms)
				EditorAssembliesLoaded (0ms)
			ExecutionOrderSort2 (0ms)
			AwakeInstancesAfterBackupRestoration (8ms)
Platform modules already initialized, skipping
Refreshing native plugins compatible for Editor in 0.47 ms, found 2 plugins.
Preloading 0 native plugins for Editor in 0.00 ms.
Unloading 1809 Unused Serialized files (Serialized files now loaded: 0)
System memory in use before: 77.2 MB.
System memory in use after: 77.3 MB.

Unloading 19 unused Assets to reduce memory usage. Loaded Objects now: 2248.
Total: 4.000500 ms (FindLiveObjects: 0.174200 ms CreateObjectMapping: 0.073100 ms MarkObjects: 3.715500 ms  DeleteObjects: 0.036100 ms)

AssetImportParameters requested are different than current active one (requested -> active):
  custom:framework-win-MediaFoundation: 216162199b28c13a410421893ffa2e32 -> 
  custom:video-decoder-ogg-theora: a1e56fd34408186e4bbccfd4996cb3dc -> 
  custom:container-muxer-webm: aa71ff27fc2769a1b78a27578f13a17b -> 
  custom:container-demuxer-webm: 4f35f7cbe854078d1ac9338744f61a02 -> 
  custom:container-demuxer-ogg: 62fdf1f143b41e24485cea50d1cbac27 -> 
  custom:video-encoder-webm-vp8: eb34c28f22e8b96e1ab97ce403110664 -> 
  custom:video-decoder-webm-vp8: 9c59270c3fd7afecdb556c50c9e8de78 -> 
  custom:audio-decoder-ogg-vorbis: bf7c407c2cedff20999df2af8eb42d56 -> 
  custom:audio-encoder-webm-vorbis: bf7c407c2cedff20999df2af8eb42d56 -> 
========================================================================
Received Import Request.
  Time since last request: 11.084643 seconds.
  path: Assets/scripts/MouseLook.cs
  artifactKey: Guid(1c7c8bb1a279af8498a045d670282b25) Importer(815301076,1909f56bfc062723c751e8b465ee728b)
Start importing Assets/scripts/MouseLook.cs using Guid(1c7c8bb1a279af8498a045d670282b25) Importer(815301076,1909f56bfc062723c751e8b465ee728b)  -> (artifact id: 'b7e8178924132a0d3de462920b963ba6') in 0.013770 seconds 
  Import took 0.019983 seconds .

========================================================================
Received Prepare
Registering precompiled user dll's ...
Registered in 0.009998 seconds.
Begin MonoManager ReloadAssembly
Native extension for WindowsStandalone target not found
Refreshing native plugins compatible for Editor in 0.51 ms, found 2 plugins.
Preloading 0 native plugins for Editor in 0.00 ms.
Mono: successfully reloaded assembly
- Completed reload, in  1.543 seconds
Domain Reload Profiling:
	ReloadAssembly (1543ms)
		BeginReloadAssembly (214ms)
			ExecutionOrderSort (0ms)
			DisableScriptedObjects (7ms)
			BackupInstance (0ms)
			ReleaseScriptingObjects (0ms)
			CreateAndSetChildDomain (91ms)
		EndReloadAssembly (1186ms)
			LoadAssemblies (164ms)
			RebuildTransferFunctionScriptingTraits (0ms)
			SetupTypeCache (424ms)
			ReleaseScriptCaches (1ms)
			RebuildScriptCaches (62ms)
			SetupLoadedEditorAssemblies (417ms)
				LogAssemblyErrors (0ms)
				InitializePlatformSupportModulesInManaged (11ms)
				SetLoadedEditorAssemblies (1ms)
				RefreshPlugins (1ms)
				BeforeProcessingInitializeOnLoad (111ms)
				ProcessInitializeOnLoadAttributes (266ms)
				ProcessInitializeOnLoadMethodAttributes (22ms)
				AfterProcessingInitializeOnLoad (5ms)
				EditorAssembliesLoaded (0ms)
			ExecutionOrderSort2 (0ms)
			AwakeInstancesAfterBackupRestoration (9ms)
Platform modules already initialized, skipping
Refreshing native plugins compatible for Editor in 0.51 ms, found 2 plugins.
Preloading 0 native plugins for Editor in 0.00 ms.
Unloading 1810 Unused Serialized files (Serialized files now loaded: 0)
System memory in use before: 77.2 MB.
System memory in use after: 77.4 MB.

Unloading 19 unused Assets to reduce memory usage. Loaded Objects now: 2251.
Total: 3.827500 ms (FindLiveObjects: 0.213700 ms CreateObjectMapping: 0.099400 ms MarkObjects: 3.456900 ms  DeleteObjects: 0.055600 ms)

AssetImportParameters requested are different than current active one (requested -> active):
  custom:framework-win-MediaFoundation: 216162199b28c13a410421893ffa2e32 -> 
  custom:video-decoder-ogg-theora: a1e56fd34408186e4bbccfd4996cb3dc -> 
  custom:container-muxer-webm: aa71ff27fc2769a1b78a27578f13a17b -> 
  custom:container-demuxer-webm: 4f35f7cbe854078d1ac9338744f61a02 -> 
  custom:container-demuxer-ogg: 62fdf1f143b41e24485cea50d1cbac27 -> 
  custom:video-encoder-webm-vp8: eb34c28f22e8b96e1ab97ce403110664 -> 
  custom:video-decoder-webm-vp8: 9c59270c3fd7afecdb556c50c9e8de78 -> 
  custom:audio-decoder-ogg-vorbis: bf7c407c2cedff20999df2af8eb42d56 -> 
  custom:audio-encoder-webm-vorbis: bf7c407c2cedff20999df2af8eb42d56 -> 
========================================================================
Received Import Request.
  Time since last request: 9.674118 seconds.
  path: Assets/scripts/Player.prefab
  artifactKey: Guid(863dae753f08c2446b1cd3e3a3809350) Importer(815301076,1909f56bfc062723c751e8b465ee728b)
Start importing Assets/scripts/Player.prefab using Guid(863dae753f08c2446b1cd3e3a3809350) Importer(815301076,1909f56bfc062723c751e8b465ee728b)  -> (artifact id: '0df8566fd4d68489cbb9860e037c2d0f') in 0.130639 seconds 
  Import took 0.134233 seconds .

========================================================================
Received Prepare
Registering precompiled user dll's ...
Registered in 0.014356 seconds.
Begin MonoManager ReloadAssembly
Native extension for WindowsStandalone target not found
Refreshing native plugins compatible for Editor in 0.46 ms, found 2 plugins.
Preloading 0 native plugins for Editor in 0.00 ms.
Mono: successfully reloaded assembly
- Completed reload, in  1.587 seconds
Domain Reload Profiling:
	ReloadAssembly (1588ms)
		BeginReloadAssembly (137ms)
			ExecutionOrderSort (0ms)
			DisableScriptedObjects (5ms)
			BackupInstance (0ms)
			ReleaseScriptingObjects (0ms)
			CreateAndSetChildDomain (44ms)
		EndReloadAssembly (1088ms)
			LoadAssemblies (146ms)
			RebuildTransferFunctionScriptingTraits (0ms)
			SetupTypeCache (381ms)
			ReleaseScriptCaches (1ms)
			RebuildScriptCaches (57ms)
			SetupLoadedEditorAssemblies (364ms)
				LogAssemblyErrors (0ms)
				InitializePlatformSupportModulesInManaged (6ms)
				SetLoadedEditorAssemblies (0ms)
				RefreshPlugins (1ms)
				BeforeProcessingInitializeOnLoad (90ms)
				ProcessInitializeOnLoadAttributes (243ms)
				ProcessInitializeOnLoadMethodAttributes (20ms)
				AfterProcessingInitializeOnLoad (3ms)
				EditorAssembliesLoaded (0ms)
			ExecutionOrderSort2 (0ms)
			AwakeInstancesAfterBackupRestoration (9ms)
Platform modules already initialized, skipping
Refreshing native plugins compatible for Editor in 0.49 ms, found 2 plugins.
Preloading 0 native plugins for Editor in 0.00 ms.
Unloading 1811 Unused Serialized files (Serialized files now loaded: 0)
System memory in use before: 80.4 MB.
System memory in use after: 80.5 MB.

Unloading 19 unused Assets to reduce memory usage. Loaded Objects now: 2262.
Total: 4.738700 ms (FindLiveObjects: 0.184400 ms CreateObjectMapping: 0.069900 ms MarkObjects: 4.446300 ms  DeleteObjects: 0.035900 ms)

AssetImportParameters requested are different than current active one (requested -> active):
  custom:framework-win-MediaFoundation: 216162199b28c13a410421893ffa2e32 -> 
  custom:video-decoder-ogg-theora: a1e56fd34408186e4bbccfd4996cb3dc -> 
  custom:container-muxer-webm: aa71ff27fc2769a1b78a27578f13a17b -> 
  custom:container-demuxer-webm: 4f35f7cbe854078d1ac9338744f61a02 -> 
  custom:container-demuxer-ogg: 62fdf1f143b41e24485cea50d1cbac27 -> 
  custom:video-encoder-webm-vp8: eb34c28f22e8b96e1ab97ce403110664 -> 
  custom:video-decoder-webm-vp8: 9c59270c3fd7afecdb556c50c9e8de78 -> 
  custom:audio-decoder-ogg-vorbis: bf7c407c2cedff20999df2af8eb42d56 -> 
  custom:audio-encoder-webm-vorbis: bf7c407c2cedff20999df2af8eb42d56 -> 
========================================================================
Received Import Request.
  Time since last request: 118.438341 seconds.
  path: Assets/scripts/PlayerMovement.cs
  artifactKey: Guid(95e93dd4a64ebe948b89b34c498629df) Importer(815301076,1909f56bfc062723c751e8b465ee728b)
Start importing Assets/scripts/PlayerMovement.cs using Guid(95e93dd4a64ebe948b89b34c498629df) Importer(815301076,1909f56bfc062723c751e8b465ee728b)  -> (artifact id: '7887b973fe8be333440d54bf9c293448') in 0.016744 seconds 
  Import took 0.029203 seconds .

========================================================================
Received Import Request.
  Time since last request: 62.764064 seconds.
  path: Assets/scripts/MouseLook.cs
  artifactKey: Guid(1c7c8bb1a279af8498a045d670282b25) Importer(815301076,1909f56bfc062723c751e8b465ee728b)
Start importing Assets/scripts/MouseLook.cs using Guid(1c7c8bb1a279af8498a045d670282b25) Importer(815301076,1909f56bfc062723c751e8b465ee728b)  -> (artifact id: '861aefc14ef2f1201e078e53bf61d235') in 0.004278 seconds 
  Import took 0.008719 seconds .

========================================================================
Received Prepare
Registering precompiled user dll's ...
Registered in 0.005068 seconds.
Begin MonoManager ReloadAssembly
Native extension for WindowsStandalone target not found
Refreshing native plugins compatible for Editor in 0.43 ms, found 2 plugins.
Preloading 0 native plugins for Editor in 0.00 ms.
Mono: successfully reloaded assembly
- Completed reload, in  1.434 seconds
Domain Reload Profiling:
	ReloadAssembly (1434ms)
		BeginReloadAssembly (148ms)
			ExecutionOrderSort (0ms)
			DisableScriptedObjects (6ms)
			BackupInstance (0ms)
			ReleaseScriptingObjects (0ms)
			CreateAndSetChildDomain (43ms)
		EndReloadAssembly (1202ms)
			LoadAssemblies (129ms)
			RebuildTransferFunctionScriptingTraits (0ms)
			SetupTypeCache (440ms)
			ReleaseScriptCaches (1ms)
			RebuildScriptCaches (45ms)
			SetupLoadedEditorAssemblies (471ms)
				LogAssemblyErrors (0ms)
				InitializePlatformSupportModulesInManaged (9ms)
				SetLoadedEditorAssemblies (1ms)
				RefreshPlugins (1ms)
				BeforeProcessingInitializeOnLoad (89ms)
				ProcessInitializeOnLoadAttributes (336ms)
				ProcessInitializeOnLoadMethodAttributes (31ms)
				AfterProcessingInitializeOnLoad (4ms)
				EditorAssembliesLoaded (0ms)
			ExecutionOrderSort2 (0ms)
			AwakeInstancesAfterBackupRestoration (11ms)
Platform modules already initialized, skipping
Refreshing native plugins compatible for Editor in 0.43 ms, found 2 plugins.
Preloading 0 native plugins for Editor in 0.00 ms.
Unloading 1811 Unused Serialized files (Serialized files now loaded: 0)
System memory in use before: 80.4 MB.
System memory in use after: 80.6 MB.

Unloading 19 unused Assets to reduce memory usage. Loaded Objects now: 2264.
Total: 3.377600 ms (FindLiveObjects: 0.176200 ms CreateObjectMapping: 0.073500 ms MarkObjects: 3.106700 ms  DeleteObjects: 0.020100 ms)

AssetImportParameters requested are different than current active one (requested -> active):
  custom:framework-win-MediaFoundation: 216162199b28c13a410421893ffa2e32 -> 
  custom:video-decoder-ogg-theora: a1e56fd34408186e4bbccfd4996cb3dc -> 
  custom:container-muxer-webm: aa71ff27fc2769a1b78a27578f13a17b -> 
  custom:container-demuxer-webm: 4f35f7cbe854078d1ac9338744f61a02 -> 
  custom:container-demuxer-ogg: 62fdf1f143b41e24485cea50d1cbac27 -> 
  custom:video-encoder-webm-vp8: eb34c28f22e8b96e1ab97ce403110664 -> 
  custom:video-decoder-webm-vp8: 9c59270c3fd7afecdb556c50c9e8de78 -> 
  custom:audio-decoder-ogg-vorbis: bf7c407c2cedff20999df2af8eb42d56 -> 
  custom:audio-encoder-webm-vorbis: bf7c407c2cedff20999df2af8eb42d56 -> 
========================================================================
Received Import Request.
  Time since last request: 15.014329 seconds.
  path: Assets/scripts/isGrounded.cs
  artifactKey: Guid(3e9cd03f5f497dc45b16912843999b0b) Importer(815301076,1909f56bfc062723c751e8b465ee728b)
Start importing Assets/scripts/isGrounded.cs using Guid(3e9cd03f5f497dc45b16912843999b0b) Importer(815301076,1909f56bfc062723c751e8b465ee728b)  -> (artifact id: '5fd28d2f8a0489247fe69246156a9e01') in 0.006355 seconds 
  Import took 0.009429 seconds .

========================================================================
Received Import Request.
  Time since last request: 68.953363 seconds.
  path: Assets/Player.prefab
  artifactKey: Guid(863dae753f08c2446b1cd3e3a3809350) Importer(815301076,1909f56bfc062723c751e8b465ee728b)
Start importing Assets/Player.prefab using Guid(863dae753f08c2446b1cd3e3a3809350) Importer(815301076,1909f56bfc062723c751e8b465ee728b)  -> (artifact id: 'c14d2dc144950dff14e8eac288c9fb97') in 0.072228 seconds 
  Import took 0.075724 seconds .

========================================================================
Received Import Request.
  Time since last request: 47.292413 seconds.
  path: Assets/New Material.mat
  artifactKey: Guid(c3f896d7f49b0e543bf8a3998b442efd) Importer(815301076,1909f56bfc062723c751e8b465ee728b)
Start importing Assets/New Material.mat using Guid(c3f896d7f49b0e543bf8a3998b442efd) Importer(815301076,1909f56bfc062723c751e8b465ee728b)  -> (artifact id: '296f8492acd34fa04eb538a89da5eddf') in 0.073987 seconds 
  Import took 0.077130 seconds .

========================================================================
Received Import Request.
  Time since last request: 23.647200 seconds.
  path: Assets/Mirror/Examples/AdditiveLevels/Textures/Back_Tex.jpeg
  artifactKey: Guid(1566af6e663684dbd85aa5fb32fd9148) Importer(815301076,1909f56bfc062723c751e8b465ee728b)
Start importing Assets/Mirror/Examples/AdditiveLevels/Textures/Back_Tex.jpeg using Guid(1566af6e663684dbd85aa5fb32fd9148) Importer(815301076,1909f56bfc062723c751e8b465ee728b)  -> (artifact id: '146781cc15871ffab1d8ce6f88969ea2') in 0.096018 seconds 
  Import took 0.099714 seconds .

========================================================================
Received Import Request.
  Time since last request: 0.000275 seconds.
  path: Assets/Mirror/Examples/Tanks/Models/(Public Domain) Recon_Tank/BaseColor.png
  artifactKey: Guid(ce00d67f9368944fa8ef4de6ccc77bfa) Importer(815301076,1909f56bfc062723c751e8b465ee728b)
Start importing Assets/Mirror/Examples/Tanks/Models/(Public Domain) Recon_Tank/BaseColor.png using Guid(ce00d67f9368944fa8ef4de6ccc77bfa) Importer(815301076,1909f56bfc062723c751e8b465ee728b)  -> (artifact id: 'e5fe739cb6421d8aecb1294ac87ec211') in 0.023583 seconds 
  Import took 0.027397 seconds .

========================================================================
Received Import Request.
  Time since last request: 0.000260 seconds.
  path: Assets/Mirror/Examples/Pong/Sprites/Racket.png
  artifactKey: Guid(619ccff3ba2f2a04f9ddd19c264a1ecd) Importer(815301076,1909f56bfc062723c751e8b465ee728b)
Start importing Assets/Mirror/Examples/Pong/Sprites/Racket.png using Guid(619ccff3ba2f2a04f9ddd19c264a1ecd) Importer(815301076,1909f56bfc062723c751e8b465ee728b)  -> (artifact id: '19b06254c959e7a893b727d84e2930b9') in 0.036654 seconds 
  Import took 0.040587 seconds .

========================================================================
Received Import Request.
  Time since last request: 0.000290 seconds.
  path: Assets/Mirror/Examples/Pong/Sprites/DottedLine.png
  artifactKey: Guid(1b5c0b514d8b2d24091d5aec516fe860) Importer(815301076,1909f56bfc062723c751e8b465ee728b)
Start importing Assets/Mirror/Examples/Pong/Sprites/DottedLine.png using Guid(1b5c0b514d8b2d24091d5aec516fe860) Importer(815301076,1909f56bfc062723c751e8b465ee728b)  -> (artifact id: '3e9d93c8e08adaeffd419a4ffdf0144e') in 0.022558 seconds 
  Import took 0.026215 seconds .

========================================================================
Received Import Request.
  Time since last request: 0.000295 seconds.
  path: Assets/Mirror/Examples/AdditiveLevels/Textures/Down_Tex.jpeg
  artifactKey: Guid(9ffeeee1accdc4b4faf2b3e27b226340) Importer(815301076,1909f56bfc062723c751e8b465ee728b)
Start importing Assets/Mirror/Examples/AdditiveLevels/Textures/Down_Tex.jpeg using Guid(9ffeeee1accdc4b4faf2b3e27b226340) Importer(815301076,1909f56bfc062723c751e8b465ee728b)  -> (artifact id: '54b7f83354763997328fe6df3ef56a9f') in 0.017479 seconds 
  Import took 0.021170 seconds .

========================================================================
Received Import Request.
  Time since last request: 0.000252 seconds.
  path: Assets/Mirror/Examples/Tanks/Models/(Public Domain) Recon_Tank/Emissive.png
  artifactKey: Guid(9b3e91ab0048a4aa3a17706a349c6bf5) Importer(815301076,1909f56bfc062723c751e8b465ee728b)
Start importing Assets/Mirror/Examples/Tanks/Models/(Public Domain) Recon_Tank/Emissive.png using Guid(9b3e91ab0048a4aa3a17706a349c6bf5) Importer(815301076,1909f56bfc062723c751e8b465ee728b)  -> (artifact id: '396b9cfba77d269ea5437ac2dd4315da') in 0.015481 seconds 
  Import took 0.019949 seconds .

========================================================================
Received Import Request.
  Time since last request: 0.000354 seconds.
  path: Assets/Mirror/Examples/AdditiveLevels/Textures/Left_Tex.jpeg
  artifactKey: Guid(e5a0eeef6a2514a78b267405d686fe09) Importer(815301076,1909f56bfc062723c751e8b465ee728b)
Start importing Assets/Mirror/Examples/AdditiveLevels/Textures/Left_Tex.jpeg using Guid(e5a0eeef6a2514a78b267405d686fe09) Importer(815301076,1909f56bfc062723c751e8b465ee728b)  -> (artifact id: '222c3fb72554165b521723957a8a303f') in 0.025923 seconds 
  Import took 0.032371 seconds .

========================================================================
Received Import Request.
  Time since last request: 0.000210 seconds.
  path: Assets/Mirror/Examples/Tanks/Textures/(Public Domain) Dirt Hand Painted Texture/dirt.png
  artifactKey: Guid(bcc8fc05f1f924531a65f39394c0b703) Importer(815301076,1909f56bfc062723c751e8b465ee728b)
Start importing Assets/Mirror/Examples/Tanks/Textures/(Public Domain) Dirt Hand Painted Texture/dirt.png using Guid(bcc8fc05f1f924531a65f39394c0b703) Importer(815301076,1909f56bfc062723c751e8b465ee728b)  -> (artifact id: '30944ec84b3f567428bfa2c722c78d09') in 0.018659 seconds 
  Import took 0.022173 seconds .

========================================================================
Received Import Request.
  Time since last request: 0.000290 seconds.
  path: Assets/Mirror/Examples/Pong/Sprites/WallVertical.png
  artifactKey: Guid(0f2833a292a197d4fb0385a8efa1dc91) Importer(815301076,1909f56bfc062723c751e8b465ee728b)
Start importing Assets/Mirror/Examples/Pong/Sprites/WallVertical.png using Guid(0f2833a292a197d4fb0385a8efa1dc91) Importer(815301076,1909f56bfc062723c751e8b465ee728b)  -> (artifact id: '8b9731377d812321846fc69dfb348f47') in 0.023778 seconds 
  Import took 0.028082 seconds .

========================================================================
Received Import Request.
  Time since last request: 0.000261 seconds.
  path: Assets/Mirror/Examples/Room/Materials/Textures/Wall01.tga
  artifactKey: Guid(0ce4715b95ec59e4ca799c740a5e144a) Importer(815301076,1909f56bfc062723c751e8b465ee728b)
Start importing Assets/Mirror/Examples/Room/Materials/Textures/Wall01.tga using Guid(0ce4715b95ec59e4ca799c740a5e144a) Importer(815301076,1909f56bfc062723c751e8b465ee728b)  -> (artifact id: 'd7a4756819ba7f4ad2f4f40d4f757922') in 0.033112 seconds 
  Import took 0.036960 seconds .

========================================================================
Received Import Request.
  Time since last request: 0.000275 seconds.
  path: Assets/Mirror/Examples/Pong/Sprites/Ball.png
  artifactKey: Guid(4b66f21097323d44ab40669b2fb9c53d) Importer(815301076,1909f56bfc062723c751e8b465ee728b)
Start importing Assets/Mirror/Examples/Pong/Sprites/Ball.png using Guid(4b66f21097323d44ab40669b2fb9c53d) Importer(815301076,1909f56bfc062723c751e8b465ee728b)  -> (artifact id: '1c40051d2b79738f4a3fc094567dcea2') in 0.027353 seconds 
  Import took 0.032215 seconds .

========================================================================
Received Import Request.
  Time since last request: 0.000199 seconds.
  path: Assets/Mirror/Examples/AdditiveLevels/Scenes/Online/ReflectionProbe-0.exr
  artifactKey: Guid(433b69cd38057f84bb82796761c1be49) Importer(815301076,1909f56bfc062723c751e8b465ee728b)
Start importing Assets/Mirror/Examples/AdditiveLevels/Scenes/Online/ReflectionProbe-0.exr using Guid(433b69cd38057f84bb82796761c1be49) Importer(815301076,1909f56bfc062723c751e8b465ee728b)  -> (artifact id: '623b5b459688fc048b206fbd42f852ff') in 0.072396 seconds 
  Import took 0.076945 seconds .

========================================================================
Received Import Request.
  Time since last request: 0.000287 seconds.
  path: Assets/Mirror/Examples/AdditiveLevels/Textures/Up_Tex.jpeg
  artifactKey: Guid(bd9ad886b003944169e7ce1286756940) Importer(815301076,1909f56bfc062723c751e8b465ee728b)
Start importing Assets/Mirror/Examples/AdditiveLevels/Textures/Up_Tex.jpeg using Guid(bd9ad886b003944169e7ce1286756940) Importer(815301076,1909f56bfc062723c751e8b465ee728b)  -> (artifact id: '46a262de4ce4b620433b73efb7b54258') in 0.018809 seconds 
  Import took 0.025272 seconds .

========================================================================
Received Import Request.
  Time since last request: 0.000206 seconds.
  path: Assets/Mirror/Examples/Room/Materials/Textures/Wall01_n.tga
  artifactKey: Guid(1ef4aad253cf7e9488305da905643f09) Importer(815301076,1909f56bfc062723c751e8b465ee728b)
Start importing Assets/Mirror/Examples/Room/Materials/Textures/Wall01_n.tga using Guid(1ef4aad253cf7e9488305da905643f09) Importer(815301076,1909f56bfc062723c751e8b465ee728b)  -> (artifact id: '333210e99ca9445eac365cad397be4d1') in 0.017960 seconds 
  Import took 0.021972 seconds .

========================================================================
Received Import Request.
  Time since last request: 0.000305 seconds.
  path: Assets/Mirror/Examples/AdditiveLevels/Textures/Front_Tex.jpeg
  artifactKey: Guid(ca928ef0e269448ba82388eb41d48544) Importer(815301076,1909f56bfc062723c751e8b465ee728b)
Start importing Assets/Mirror/Examples/AdditiveLevels/Textures/Front_Tex.jpeg using Guid(ca928ef0e269448ba82388eb41d48544) Importer(815301076,1909f56bfc062723c751e8b465ee728b)  -> (artifact id: 'e3b9c264469a56bd513fc58eb7dad153') in 0.018052 seconds 
  Import took 0.022849 seconds .

========================================================================
Received Import Request.
  Time since last request: 0.000078 seconds.
  path: Assets/Mirror/Examples/Pong/Sprites/WallHorizontal.png
  artifactKey: Guid(b931587800e08c54aa8dbbd6c15c894f) Importer(815301076,1909f56bfc062723c751e8b465ee728b)
Start importing Assets/Mirror/Examples/Pong/Sprites/WallHorizontal.png using Guid(b931587800e08c54aa8dbbd6c15c894f) Importer(815301076,1909f56bfc062723c751e8b465ee728b)  -> (artifact id: '8a8ab41e27498c3fcd7b195cc9fa448f') in 0.019509 seconds 
  Import took 0.023169 seconds .

========================================================================
Received Import Request.
  Time since last request: 0.000256 seconds.
  path: Assets/Mirror/Examples/Tanks/Models/(Public Domain) Recon_Tank/Metallic.png
  artifactKey: Guid(a7467e18a834e4d1390091c8b1ea562c) Importer(815301076,1909f56bfc062723c751e8b465ee728b)
Start importing Assets/Mirror/Examples/Tanks/Models/(Public Domain) Recon_Tank/Metallic.png using Guid(a7467e18a834e4d1390091c8b1ea562c) Importer(815301076,1909f56bfc062723c751e8b465ee728b)  -> (artifact id: 'cffe0561fb6424e1526b9ed477889678') in 0.017303 seconds 
  Import took 0.021064 seconds .

========================================================================
Received Import Request.
  Time since last request: 0.000241 seconds.
  path: Assets/Mirror/Examples/AdditiveLevels/Textures/Right_Tex.jpeg
  artifactKey: Guid(4c8911efa34c845f28fbac86385a1b41) Importer(815301076,1909f56bfc062723c751e8b465ee728b)
Start importing Assets/Mirror/Examples/AdditiveLevels/Textures/Right_Tex.jpeg using Guid(4c8911efa34c845f28fbac86385a1b41) Importer(815301076,1909f56bfc062723c751e8b465ee728b)  -> (artifact id: '853b09f5562ef38054424f33418f760c') in 0.022635 seconds 
  Import took 0.026246 seconds .

========================================================================
Received Import Request.
  Time since last request: 0.000076 seconds.
  path: Assets/Mirror/Editor/Icon/MirrorIcon.png
  artifactKey: Guid(7453abfe9e8b2c04a8a47eb536fe21eb) Importer(815301076,1909f56bfc062723c751e8b465ee728b)
Start importing Assets/Mirror/Editor/Icon/MirrorIcon.png using Guid(7453abfe9e8b2c04a8a47eb536fe21eb) Importer(815301076,1909f56bfc062723c751e8b465ee728b)  -> (artifact id: 'd0bbeb666967bac03db0081bbd0ee542') in 0.017392 seconds 
  Import took 0.021264 seconds .

========================================================================
Received Import Request.
  Time since last request: 0.000229 seconds.
  path: Assets/Mirror/Examples/Tanks/Models/(Public Domain) Recon_Tank/Normal.png
  artifactKey: Guid(2617bfecca4d44805a3a51a7aa215d7c) Importer(815301076,1909f56bfc062723c751e8b465ee728b)
Start importing Assets/Mirror/Examples/Tanks/Models/(Public Domain) Recon_Tank/Normal.png using Guid(2617bfecca4d44805a3a51a7aa215d7c) Importer(815301076,1909f56bfc062723c751e8b465ee728b)  -> (artifact id: '648e13af081d1239dd2a20773f4f19ef') in 0.019706 seconds 
  Import took 0.023715 seconds .

========================================================================
Received Import Request.
  Time since last request: 138.417218 seconds.
  path: Assets/New Material.mat
  artifactKey: Guid(c3f896d7f49b0e543bf8a3998b442efd) Importer(815301076,1909f56bfc062723c751e8b465ee728b)
Start importing Assets/New Material.mat using Guid(c3f896d7f49b0e543bf8a3998b442efd) Importer(815301076,1909f56bfc062723c751e8b465ee728b)  -> (artifact id: 'fec73dd889f945ddabfdf4e48713702d') in 0.043003 seconds 
  Import took 0.048561 seconds .

========================================================================
Received Import Request.
  Time since last request: 24.834360 seconds.
  path: ProjectSettings/TagManager.asset
  artifactKey: Guid(00000000000000003000000000000000) Importer(815301076,1909f56bfc062723c751e8b465ee728b)
Start importing ProjectSettings/TagManager.asset using Guid(00000000000000003000000000000000) Importer(815301076,1909f56bfc062723c751e8b465ee728b)  -> (artifact id: 'ce6a35c3cddc746e7501c0bd0ed6d4ce') in 0.009035 seconds 
  Import took 0.012273 seconds .

========================================================================
Received Prepare
Registering precompiled user dll's ...
Registered in 0.016382 seconds.
Begin MonoManager ReloadAssembly
Native extension for WindowsStandalone target not found
Refreshing native plugins compatible for Editor in 0.50 ms, found 2 plugins.
Preloading 0 native plugins for Editor in 0.00 ms.
Mono: successfully reloaded assembly
- Completed reload, in  1.840 seconds
Domain Reload Profiling:
	ReloadAssembly (1841ms)
		BeginReloadAssembly (344ms)
			ExecutionOrderSort (0ms)
			DisableScriptedObjects (6ms)
			BackupInstance (0ms)
			ReleaseScriptingObjects (0ms)
			CreateAndSetChildDomain (163ms)
		EndReloadAssembly (1332ms)
			LoadAssemblies (176ms)
			RebuildTransferFunctionScriptingTraits (0ms)
			SetupTypeCache (503ms)
			ReleaseScriptCaches (1ms)
			RebuildScriptCaches (52ms)
			SetupLoadedEditorAssemblies (493ms)
				LogAssemblyErrors (0ms)
				InitializePlatformSupportModulesInManaged (6ms)
				SetLoadedEditorAssemblies (1ms)
				RefreshPlugins (1ms)
				BeforeProcessingInitializeOnLoad (109ms)
				ProcessInitializeOnLoadAttributes (344ms)
				ProcessInitializeOnLoadMethodAttributes (28ms)
				AfterProcessingInitializeOnLoad (4ms)
				EditorAssembliesLoaded (1ms)
			ExecutionOrderSort2 (0ms)
			AwakeInstancesAfterBackupRestoration (10ms)
Platform modules already initialized, skipping
Refreshing native plugins compatible for Editor in 0.58 ms, found 2 plugins.
Preloading 0 native plugins for Editor in 0.00 ms.
Unloading 1811 Unused Serialized files (Serialized files now loaded: 0)
System memory in use before: 80.8 MB.
System memory in use after: 80.9 MB.

Unloading 20 unused Assets to reduce memory usage. Loaded Objects now: 2315.
Total: 5.106400 ms (FindLiveObjects: 0.324000 ms CreateObjectMapping: 0.099500 ms MarkObjects: 4.647600 ms  DeleteObjects: 0.033800 ms)

AssetImportParameters requested are different than current active one (requested -> active):
  custom:framework-win-MediaFoundation: 216162199b28c13a410421893ffa2e32 -> 
  custom:video-decoder-ogg-theora: a1e56fd34408186e4bbccfd4996cb3dc -> 
  custom:container-muxer-webm: aa71ff27fc2769a1b78a27578f13a17b -> 
  custom:container-demuxer-webm: 4f35f7cbe854078d1ac9338744f61a02 -> 
  custom:container-demuxer-ogg: 62fdf1f143b41e24485cea50d1cbac27 -> 
  custom:video-encoder-webm-vp8: eb34c28f22e8b96e1ab97ce403110664 -> 
  custom:video-decoder-webm-vp8: 9c59270c3fd7afecdb556c50c9e8de78 -> 
  custom:audio-decoder-ogg-vorbis: bf7c407c2cedff20999df2af8eb42d56 -> 
  custom:audio-encoder-webm-vorbis: bf7c407c2cedff20999df2af8eb42d56 -> 
========================================================================
Received Import Request.
  Time since last request: 13.530152 seconds.
  path: Assets/Player.prefab
  artifactKey: Guid(863dae753f08c2446b1cd3e3a3809350) Importer(815301076,1909f56bfc062723c751e8b465ee728b)
Start importing Assets/Player.prefab using Guid(863dae753f08c2446b1cd3e3a3809350) Importer(815301076,1909f56bfc062723c751e8b465ee728b)  -> (artifact id: '67a7b8929f4580ffd0eccc66091bd9c7') in 0.084887 seconds 
  Import took 0.088866 seconds .

========================================================================
Received Import Request.
  Time since last request: 2.950894 seconds.
  path: Assets/Player.prefab
  artifactKey: Guid(863dae753f08c2446b1cd3e3a3809350) Importer(815301076,1909f56bfc062723c751e8b465ee728b)
Start importing Assets/Player.prefab using Guid(863dae753f08c2446b1cd3e3a3809350) Importer(815301076,1909f56bfc062723c751e8b465ee728b)  -> (artifact id: '6d4e727dfa77ce298b894bc50ea78fb0') in 0.011695 seconds 
  Import took 0.015279 seconds .

========================================================================
Received Import Request.
  Time since last request: 5.456298 seconds.
  path: Assets/Player.prefab
  artifactKey: Guid(863dae753f08c2446b1cd3e3a3809350) Importer(815301076,1909f56bfc062723c751e8b465ee728b)
Start importing Assets/Player.prefab using Guid(863dae753f08c2446b1cd3e3a3809350) Importer(815301076,1909f56bfc062723c751e8b465ee728b)  -> (artifact id: 'd757bd899b2ac46010d7feccb55660a2') in 0.022725 seconds 
  Import took 0.032677 seconds .

========================================================================
Received Import Request.
  Time since last request: 16.427658 seconds.
  path: Assets/Player.prefab
  artifactKey: Guid(863dae753f08c2446b1cd3e3a3809350) Importer(815301076,1909f56bfc062723c751e8b465ee728b)
Start importing Assets/Player.prefab using Guid(863dae753f08c2446b1cd3e3a3809350) Importer(815301076,1909f56bfc062723c751e8b465ee728b)  -> (artifact id: 'e8f5fe8e86bfd60520e61a48094b563e') in 0.011457 seconds 
  Import took 0.016253 seconds .

========================================================================
Received Import Request.
  Time since last request: 5.480726 seconds.
  path: Assets/Player.prefab
  artifactKey: Guid(863dae753f08c2446b1cd3e3a3809350) Importer(815301076,1909f56bfc062723c751e8b465ee728b)
Start importing Assets/Player.prefab using Guid(863dae753f08c2446b1cd3e3a3809350) Importer(815301076,1909f56bfc062723c751e8b465ee728b)  -> (artifact id: '4ec1dac9c06267bf1e393fd55a2f5a50') in 0.019526 seconds 
  Import took 0.024051 seconds .

========================================================================
Received Import Request.
  Time since last request: 5.962329 seconds.
  path: Assets/Player.prefab
  artifactKey: Guid(863dae753f08c2446b1cd3e3a3809350) Importer(815301076,1909f56bfc062723c751e8b465ee728b)
Start importing Assets/Player.prefab using Guid(863dae753f08c2446b1cd3e3a3809350) Importer(815301076,1909f56bfc062723c751e8b465ee728b)  -> (artifact id: '4843b703bb2ef85a89287eda541d124c') in 0.024032 seconds 
  Import took 0.030115 seconds .

========================================================================
Received Import Request.
  Time since last request: 6.319344 seconds.
  path: Assets/Player.prefab
  artifactKey: Guid(863dae753f08c2446b1cd3e3a3809350) Importer(815301076,1909f56bfc062723c751e8b465ee728b)
Start importing Assets/Player.prefab using Guid(863dae753f08c2446b1cd3e3a3809350) Importer(815301076,1909f56bfc062723c751e8b465ee728b)  -> (artifact id: '502e78ed4e25d378f742584cceeac4f0') in 0.010429 seconds 
  Import took 0.014482 seconds .

========================================================================
Received Import Request.
  Time since last request: 1.197037 seconds.
  path: Assets/Player.prefab
  artifactKey: Guid(863dae753f08c2446b1cd3e3a3809350) Importer(815301076,1909f56bfc062723c751e8b465ee728b)
Start importing Assets/Player.prefab using Guid(863dae753f08c2446b1cd3e3a3809350) Importer(815301076,1909f56bfc062723c751e8b465ee728b)  -> (artifact id: '24fde802cbc959c771282b0dd95afd8e') in 0.010831 seconds 
  Import took 0.015249 seconds .

========================================================================
Received Import Request.
  Time since last request: 1.846479 seconds.
  path: Assets/Player.prefab
  artifactKey: Guid(863dae753f08c2446b1cd3e3a3809350) Importer(815301076,1909f56bfc062723c751e8b465ee728b)
Start importing Assets/Player.prefab using Guid(863dae753f08c2446b1cd3e3a3809350) Importer(815301076,1909f56bfc062723c751e8b465ee728b)  -> (artifact id: '96376374999f342e8f9bcf2aa3646d52') in 0.024061 seconds 
  Import took 0.034229 seconds .

========================================================================
Received Import Request.
  Time since last request: 18.890671 seconds.
  path: Assets/Player.prefab
  artifactKey: Guid(863dae753f08c2446b1cd3e3a3809350) Importer(815301076,1909f56bfc062723c751e8b465ee728b)
Start importing Assets/Player.prefab using Guid(863dae753f08c2446b1cd3e3a3809350) Importer(815301076,1909f56bfc062723c751e8b465ee728b)  -> (artifact id: '4b160a0c171ddc0175da58436ee81db5') in 0.012298 seconds 
  Import took 0.016318 seconds .

========================================================================
Received Prepare
Registering precompiled user dll's ...
Registered in 0.005973 seconds.
Begin MonoManager ReloadAssembly
Native extension for WindowsStandalone target not found
Refreshing native plugins compatible for Editor in 0.42 ms, found 2 plugins.
Preloading 0 native plugins for Editor in 0.00 ms.
Mono: successfully reloaded assembly
- Completed reload, in  1.387 seconds
Domain Reload Profiling:
	ReloadAssembly (1387ms)
		BeginReloadAssembly (180ms)
			ExecutionOrderSort (0ms)
			DisableScriptedObjects (7ms)
			BackupInstance (0ms)
			ReleaseScriptingObjects (0ms)
			CreateAndSetChildDomain (47ms)
		EndReloadAssembly (1108ms)
			LoadAssemblies (166ms)
			RebuildTransferFunctionScriptingTraits (0ms)
			SetupTypeCache (434ms)
			ReleaseScriptCaches (1ms)
			RebuildScriptCaches (50ms)
			SetupLoadedEditorAssemblies (371ms)
				LogAssemblyErrors (0ms)
				InitializePlatformSupportModulesInManaged (5ms)
				SetLoadedEditorAssemblies (0ms)
				RefreshPlugins (0ms)
				BeforeProcessingInitializeOnLoad (82ms)
				ProcessInitializeOnLoadAttributes (261ms)
				ProcessInitializeOnLoadMethodAttributes (19ms)
				AfterProcessingInitializeOnLoad (3ms)
				EditorAssembliesLoaded (0ms)
			ExecutionOrderSort2 (0ms)
			AwakeInstancesAfterBackupRestoration (8ms)
Platform modules already initialized, skipping
Refreshing native plugins compatible for Editor in 0.51 ms, found 2 plugins.
Preloading 0 native plugins for Editor in 0.00 ms.
Unloading 1811 Unused Serialized files (Serialized files now loaded: 0)
System memory in use before: 80.8 MB.
System memory in use after: 80.9 MB.

Unloading 19 unused Assets to reduce memory usage. Loaded Objects now: 2318.
Total: 3.412500 ms (FindLiveObjects: 0.179900 ms CreateObjectMapping: 0.068300 ms MarkObjects: 3.129600 ms  DeleteObjects: 0.033400 ms)

AssetImportParameters requested are different than current active one (requested -> active):
  custom:framework-win-MediaFoundation: 216162199b28c13a410421893ffa2e32 -> 
  custom:video-decoder-ogg-theora: a1e56fd34408186e4bbccfd4996cb3dc -> 
  custom:container-muxer-webm: aa71ff27fc2769a1b78a27578f13a17b -> 
  custom:container-demuxer-webm: 4f35f7cbe854078d1ac9338744f61a02 -> 
  custom:container-demuxer-ogg: 62fdf1f143b41e24485cea50d1cbac27 -> 
  custom:video-encoder-webm-vp8: eb34c28f22e8b96e1ab97ce403110664 -> 
  custom:video-decoder-webm-vp8: 9c59270c3fd7afecdb556c50c9e8de78 -> 
  custom:audio-decoder-ogg-vorbis: bf7c407c2cedff20999df2af8eb42d56 -> 
  custom:audio-encoder-webm-vorbis: bf7c407c2cedff20999df2af8eb42d56 -> 
========================================================================
Received Prepare
Registering precompiled user dll's ...
Registered in 0.009009 seconds.
Begin MonoManager ReloadAssembly
Native extension for WindowsStandalone target not found
Refreshing native plugins compatible for Editor in 0.47 ms, found 2 plugins.
Preloading 0 native plugins for Editor in 0.00 ms.
Mono: successfully reloaded assembly
- Completed reload, in  1.641 seconds
Domain Reload Profiling:
	ReloadAssembly (1641ms)
		BeginReloadAssembly (164ms)
			ExecutionOrderSort (0ms)
			DisableScriptedObjects (7ms)
			BackupInstance (0ms)
			ReleaseScriptingObjects (0ms)
			CreateAndSetChildDomain (46ms)
		EndReloadAssembly (1375ms)
			LoadAssemblies (156ms)
			RebuildTransferFunctionScriptingTraits (0ms)
			SetupTypeCache (485ms)
			ReleaseScriptCaches (1ms)
			RebuildScriptCaches (74ms)
			SetupLoadedEditorAssemblies (512ms)
				LogAssemblyErrors (0ms)
				InitializePlatformSupportModulesInManaged (9ms)
				SetLoadedEditorAssemblies (1ms)
				RefreshPlugins (1ms)
				BeforeProcessingInitializeOnLoad (128ms)
				ProcessInitializeOnLoadAttributes (336ms)
				ProcessInitializeOnLoadMethodAttributes (33ms)
				AfterProcessingInitializeOnLoad (4ms)
				EditorAssembliesLoaded (1ms)
			ExecutionOrderSort2 (0ms)
			AwakeInstancesAfterBackupRestoration (11ms)
Platform modules already initialized, skipping
Refreshing native plugins compatible for Editor in 0.54 ms, found 2 plugins.
Preloading 0 native plugins for Editor in 0.00 ms.
Unloading 1811 Unused Serialized files (Serialized files now loaded: 0)
System memory in use before: 80.8 MB.
System memory in use after: 80.9 MB.

Unloading 19 unused Assets to reduce memory usage. Loaded Objects now: 2320.
Total: 4.385000 ms (FindLiveObjects: 0.336500 ms CreateObjectMapping: 0.112600 ms MarkObjects: 3.911900 ms  DeleteObjects: 0.022600 ms)

AssetImportParameters requested are different than current active one (requested -> active):
  custom:framework-win-MediaFoundation: 216162199b28c13a410421893ffa2e32 -> 
  custom:video-decoder-ogg-theora: a1e56fd34408186e4bbccfd4996cb3dc -> 
  custom:container-muxer-webm: aa71ff27fc2769a1b78a27578f13a17b -> 
  custom:container-demuxer-webm: 4f35f7cbe854078d1ac9338744f61a02 -> 
  custom:container-demuxer-ogg: 62fdf1f143b41e24485cea50d1cbac27 -> 
  custom:video-encoder-webm-vp8: eb34c28f22e8b96e1ab97ce403110664 -> 
  custom:video-decoder-webm-vp8: 9c59270c3fd7afecdb556c50c9e8de78 -> 
  custom:audio-decoder-ogg-vorbis: bf7c407c2cedff20999df2af8eb42d56 -> 
  custom:audio-encoder-webm-vorbis: bf7c407c2cedff20999df2af8eb42d56 -> 
========================================================================
Received Prepare
Registering precompiled user dll's ...
Registered in 0.005964 seconds.
Begin MonoManager ReloadAssembly
Native extension for WindowsStandalone target not found
Refreshing native plugins compatible for Editor in 0.43 ms, found 2 plugins.
Preloading 0 native plugins for Editor in 0.00 ms.
Mono: successfully reloaded assembly
- Completed reload, in  1.258 seconds
Domain Reload Profiling:
	ReloadAssembly (1259ms)
		BeginReloadAssembly (132ms)
			ExecutionOrderSort (0ms)
			DisableScriptedObjects (5ms)
			BackupInstance (0ms)
			ReleaseScriptingObjects (0ms)
			CreateAndSetChildDomain (39ms)
		EndReloadAssembly (1050ms)
			LoadAssemblies (111ms)
			RebuildTransferFunctionScriptingTraits (0ms)
			SetupTypeCache (413ms)
			ReleaseScriptCaches (1ms)
			RebuildScriptCaches (47ms)
			SetupLoadedEditorAssemblies (361ms)
				LogAssemblyErrors (0ms)
				InitializePlatformSupportModulesInManaged (6ms)
				SetLoadedEditorAssemblies (1ms)
				RefreshPlugins (1ms)
				BeforeProcessingInitializeOnLoad (84ms)
				ProcessInitializeOnLoadAttributes (243ms)
				ProcessInitializeOnLoadMethodAttributes (21ms)
				AfterProcessingInitializeOnLoad (4ms)
				EditorAssembliesLoaded (1ms)
			ExecutionOrderSort2 (0ms)
			AwakeInstancesAfterBackupRestoration (8ms)
Platform modules already initialized, skipping
Refreshing native plugins compatible for Editor in 0.46 ms, found 2 plugins.
Preloading 0 native plugins for Editor in 0.00 ms.
Unloading 1811 Unused Serialized files (Serialized files now loaded: 0)
System memory in use before: 80.8 MB.
System memory in use after: 80.9 MB.

Unloading 19 unused Assets to reduce memory usage. Loaded Objects now: 2322.
Total: 4.094200 ms (FindLiveObjects: 0.216000 ms CreateObjectMapping: 0.085200 ms MarkObjects: 3.758800 ms  DeleteObjects: 0.032800 ms)

AssetImportParameters requested are different than current active one (requested -> active):
  custom:framework-win-MediaFoundation: 216162199b28c13a410421893ffa2e32 -> 
  custom:video-decoder-ogg-theora: a1e56fd34408186e4bbccfd4996cb3dc -> 
  custom:container-muxer-webm: aa71ff27fc2769a1b78a27578f13a17b -> 
  custom:container-demuxer-webm: 4f35f7cbe854078d1ac9338744f61a02 -> 
  custom:container-demuxer-ogg: 62fdf1f143b41e24485cea50d1cbac27 -> 
  custom:video-encoder-webm-vp8: eb34c28f22e8b96e1ab97ce403110664 -> 
  custom:video-decoder-webm-vp8: 9c59270c3fd7afecdb556c50c9e8de78 -> 
  custom:audio-decoder-ogg-vorbis: bf7c407c2cedff20999df2af8eb42d56 -> 
  custom:audio-encoder-webm-vorbis: bf7c407c2cedff20999df2af8eb42d56 -> 
========================================================================
Received Prepare
Registering precompiled user dll's ...
Registered in 0.008315 seconds.
Begin MonoManager ReloadAssembly
Native extension for WindowsStandalone target not found
Refreshing native plugins compatible for Editor in 1.00 ms, found 2 plugins.
Preloading 0 native plugins for Editor in 0.00 ms.
Mono: successfully reloaded assembly
- Completed reload, in  2.070 seconds
Domain Reload Profiling:
	ReloadAssembly (2071ms)
		BeginReloadAssembly (183ms)
			ExecutionOrderSort (0ms)
			DisableScriptedObjects (9ms)
			BackupInstance (0ms)
			ReleaseScriptingObjects (0ms)
			CreateAndSetChildDomain (55ms)
		EndReloadAssembly (1776ms)
			LoadAssemblies (163ms)
			RebuildTransferFunctionScriptingTraits (0ms)
			SetupTypeCache (525ms)
			ReleaseScriptCaches (1ms)
			RebuildScriptCaches (79ms)
			SetupLoadedEditorAssemblies (774ms)
				LogAssemblyErrors (0ms)
				InitializePlatformSupportModulesInManaged (22ms)
				SetLoadedEditorAssemblies (1ms)
				RefreshPlugins (1ms)
				BeforeProcessingInitializeOnLoad (182ms)
				ProcessInitializeOnLoadAttributes (525ms)
				ProcessInitializeOnLoadMethodAttributes (37ms)
				AfterProcessingInitializeOnLoad (5ms)
				EditorAssembliesLoaded (0ms)
			ExecutionOrderSort2 (0ms)
			AwakeInstancesAfterBackupRestoration (17ms)
Platform modules already initialized, skipping
Refreshing native plugins compatible for Editor in 0.74 ms, found 2 plugins.
Preloading 0 native plugins for Editor in 0.00 ms.
Unloading 1811 Unused Serialized files (Serialized files now loaded: 0)
System memory in use before: 80.8 MB.
System memory in use after: 80.9 MB.

Unloading 19 unused Assets to reduce memory usage. Loaded Objects now: 2324.
Total: 6.039000 ms (FindLiveObjects: 0.364900 ms CreateObjectMapping: 0.261400 ms MarkObjects: 5.387700 ms  DeleteObjects: 0.023600 ms)

AssetImportParameters requested are different than current active one (requested -> active):
  custom:framework-win-MediaFoundation: 216162199b28c13a410421893ffa2e32 -> 
  custom:video-decoder-ogg-theora: a1e56fd34408186e4bbccfd4996cb3dc -> 
  custom:container-muxer-webm: aa71ff27fc2769a1b78a27578f13a17b -> 
  custom:container-demuxer-webm: 4f35f7cbe854078d1ac9338744f61a02 -> 
  custom:container-demuxer-ogg: 62fdf1f143b41e24485cea50d1cbac27 -> 
  custom:video-encoder-webm-vp8: eb34c28f22e8b96e1ab97ce403110664 -> 
  custom:video-decoder-webm-vp8: 9c59270c3fd7afecdb556c50c9e8de78 -> 
  custom:audio-decoder-ogg-vorbis: bf7c407c2cedff20999df2af8eb42d56 -> 
  custom:audio-encoder-webm-vorbis: bf7c407c2cedff20999df2af8eb42d56 -> 
========================================================================
Received Import Request.
  Time since last request: 1336.157520 seconds.
  path: Assets/Mirror/Examples/RigidbodyPhysics/Materials/Blue.mat
  artifactKey: Guid(84335f003ad8f42408d13787e76d4f94) Importer(815301076,1909f56bfc062723c751e8b465ee728b)
Start importing Assets/Mirror/Examples/RigidbodyPhysics/Materials/Blue.mat using Guid(84335f003ad8f42408d13787e76d4f94) Importer(815301076,1909f56bfc062723c751e8b465ee728b)  -> (artifact id: '0b8a183a924d6ca5bcf1aa63bb40aa2d') in 0.100035 seconds 
  Import took 0.104396 seconds .

========================================================================
Received Import Request.
  Time since last request: 0.000241 seconds.
  path: Assets/Mirror/Examples/AdditiveLevels/Materials/Portal.mat
  artifactKey: Guid(3500dce637708024da2f2e45e4f71cd3) Importer(815301076,1909f56bfc062723c751e8b465ee728b)
Start importing Assets/Mirror/Examples/AdditiveLevels/Materials/Portal.mat using Guid(3500dce637708024da2f2e45e4f71cd3) Importer(815301076,1909f56bfc062723c751e8b465ee728b)  -> (artifact id: 'ce8e228b060aecacd5a5c1372fa1200a') in 0.326016 seconds 
  Import took 0.329321 seconds .

========================================================================
Received Import Request.
  Time since last request: 0.000232 seconds.
  path: Assets/Mirror/Examples/Tanks/Textures/(Public Domain) Dirt Hand Painted Texture/Dirt.mat
  artifactKey: Guid(29b49c27a74f145918356859bd7af511) Importer(815301076,1909f56bfc062723c751e8b465ee728b)
Start importing Assets/Mirror/Examples/Tanks/Textures/(Public Domain) Dirt Hand Painted Texture/Dirt.mat using Guid(29b49c27a74f145918356859bd7af511) Importer(815301076,1909f56bfc062723c751e8b465ee728b)  -> (artifact id: 'dd98bc1af56e2358ea7725c669dea1b9') in 0.325568 seconds 
  Import took 0.330148 seconds .

========================================================================
Received Import Request.
  Time since last request: 0.000262 seconds.
  path: Assets/Mirror/Examples/MultipleAdditiveScenes/Materials/Render/PlayArea.mat
  artifactKey: Guid(42fe0bcfbb65da3429ae2c289686e024) Importer(815301076,1909f56bfc062723c751e8b465ee728b)
Start importing Assets/Mirror/Examples/MultipleAdditiveScenes/Materials/Render/PlayArea.mat using Guid(42fe0bcfbb65da3429ae2c289686e024) Importer(815301076,1909f56bfc062723c751e8b465ee728b)  -> (artifact id: '59695de7d353a71aa312d96d80ae58a1') in 0.161251 seconds 
  Import took 0.164766 seconds .

========================================================================
Received Import Request.
  Time since last request: 0.000343 seconds.
  path: Assets/Mirror/Examples/AdditiveLevels/Materials/Skybox.mat
  artifactKey: Guid(81f714daf7144784b8a2f42f1cd30927) Importer(815301076,1909f56bfc062723c751e8b465ee728b)
Start importing Assets/Mirror/Examples/AdditiveLevels/Materials/Skybox.mat using Guid(81f714daf7144784b8a2f42f1cd30927) Importer(815301076,1909f56bfc062723c751e8b465ee728b)  -> (artifact id: '390d34a3921a6f5c0fbe8d319e2536ed') in 0.243266 seconds 
  Import took 0.246437 seconds .

========================================================================
Received Import Request.
  Time since last request: 0.000208 seconds.
  path: Assets/Mirror/Examples/RigidbodyPhysics/Materials/Green.mat
  artifactKey: Guid(bbe2c7293af197640a2b40018e79b9a6) Importer(815301076,1909f56bfc062723c751e8b465ee728b)
Start importing Assets/Mirror/Examples/RigidbodyPhysics/Materials/Green.mat using Guid(bbe2c7293af197640a2b40018e79b9a6) Importer(815301076,1909f56bfc062723c751e8b465ee728b)  -> (artifact id: '22a3f75a73ca752c85ba182f7f07d009') in 0.018633 seconds 
  Import took 0.022526 seconds .

========================================================================
Received Import Request.
  Time since last request: 0.000262 seconds.
  path: Assets/Mirror/Examples/AdditiveLevels/Materials/CubeSphere.mat
  artifactKey: Guid(38950807c6bf6454dbef567827b770b6) Importer(815301076,1909f56bfc062723c751e8b465ee728b)
Start importing Assets/Mirror/Examples/AdditiveLevels/Materials/CubeSphere.mat using Guid(38950807c6bf6454dbef567827b770b6) Importer(815301076,1909f56bfc062723c751e8b465ee728b)  -> (artifact id: '7cba8dc9e8db002f8b152cfdc6a1a657') in 0.153881 seconds 
  Import took 0.157210 seconds .

========================================================================
Received Import Request.
  Time since last request: 0.000257 seconds.
  path: Assets/Mirror/Examples/MultipleAdditiveScenes/Models/Icosphere/Icosphere.obj
  artifactKey: Guid(1fe56a0e685b8434ebfeb53c69b59a5e) Importer(815301076,1909f56bfc062723c751e8b465ee728b)
Start importing Assets/Mirror/Examples/MultipleAdditiveScenes/Models/Icosphere/Icosphere.obj using Guid(1fe56a0e685b8434ebfeb53c69b59a5e) Importer(815301076,1909f56bfc062723c751e8b465ee728b)  -> (artifact id: 'b757bbffe2bea941c20420815c5ba850') in 0.111211 seconds 
  Import took 0.114641 seconds .

========================================================================
Received Import Request.
  Time since last request: 0.000281 seconds.
  path: Assets/Mirror/Examples/AdditiveScenes/Materials/Player.mat
  artifactKey: Guid(792117fe9a386a8489e8010bec746339) Importer(815301076,1909f56bfc062723c751e8b465ee728b)
Start importing Assets/Mirror/Examples/AdditiveScenes/Materials/Player.mat using Guid(792117fe9a386a8489e8010bec746339) Importer(815301076,1909f56bfc062723c751e8b465ee728b)  -> (artifact id: '15de4eb410aa3836c93b75866aef4377') in 0.017683 seconds 
  Import took 0.022421 seconds .

========================================================================
Received Import Request.
  Time since last request: 0.000423 seconds.
  path: Assets/Mirror/Examples/Room/Materials/Player.mat
  artifactKey: Guid(ac64a68d9ea8fa9459ff2f158065c1d0) Importer(815301076,1909f56bfc062723c751e8b465ee728b)
Start importing Assets/Mirror/Examples/Room/Materials/Player.mat using Guid(ac64a68d9ea8fa9459ff2f158065c1d0) Importer(815301076,1909f56bfc062723c751e8b465ee728b)  -> (artifact id: 'ca35dd7562465496571544d43c631eb0') in 0.012500 seconds 
  Import took 0.016758 seconds .

========================================================================
Received Import Request.
  Time since last request: 0.000252 seconds.
  path: Assets/Mirror/Examples/AdditiveScenes/Materials/Quad.mat
  artifactKey: Guid(6eb3f3ba66756364d8b94e662e7e8af5) Importer(815301076,1909f56bfc062723c751e8b465ee728b)
Start importing Assets/Mirror/Examples/AdditiveScenes/Materials/Quad.mat using Guid(6eb3f3ba66756364d8b94e662e7e8af5) Importer(815301076,1909f56bfc062723c751e8b465ee728b)  -> (artifact id: 'aac2d4001c7f5558a6beb680d24a7b98') in 0.023526 seconds 
  Import took 0.027479 seconds .

========================================================================
Received Import Request.
  Time since last request: 0.000225 seconds.
  path: Assets/Mirror/Examples/Tanks/Models/(Public Domain) Recon_Tank/TankMaterial.mat
  artifactKey: Guid(2e67e42170aa64aa9a33424f8045ac89) Importer(815301076,1909f56bfc062723c751e8b465ee728b)
Start importing Assets/Mirror/Examples/Tanks/Models/(Public Domain) Recon_Tank/TankMaterial.mat using Guid(2e67e42170aa64aa9a33424f8045ac89) Importer(815301076,1909f56bfc062723c751e8b465ee728b)  -> (artifact id: '1194c1a900075c99a5e17cc66e09412c') in 0.135981 seconds 
  Import took 0.140120 seconds .

========================================================================
Received Import Request.
  Time since last request: 0.000435 seconds.
  path: Assets/Mirror/Examples/MultipleAdditiveScenes/Models/Icosphere/Materials/Icosphere.mat
  artifactKey: Guid(7e6bf26596c6f564097734c7cc319e15) Importer(815301076,1909f56bfc062723c751e8b465ee728b)
Start importing Assets/Mirror/Examples/MultipleAdditiveScenes/Models/Icosphere/Materials/Icosphere.mat using Guid(7e6bf26596c6f564097734c7cc319e15) Importer(815301076,1909f56bfc062723c751e8b465ee728b)  -> (artifact id: '4cc24e78a1882f49848223a30cb87abc') in 0.016499 seconds 
  Import took 0.020160 seconds .

========================================================================
Received Import Request.
  Time since last request: 0.000391 seconds.
  path: Assets/Mirror/Examples/Tanks/Models/(Public Domain) Recon_Tank/reconTank.fbx
  artifactKey: Guid(38b49695fc0a4418bbc350f2366660c5) Importer(815301076,1909f56bfc062723c751e8b465ee728b)
Start importing Assets/Mirror/Examples/Tanks/Models/(Public Domain) Recon_Tank/reconTank.fbx using Guid(38b49695fc0a4418bbc350f2366660c5) Importer(815301076,1909f56bfc062723c751e8b465ee728b)  -> (artifact id: 'd6151a5dae91481745f8ff56ff459c16') in 0.075575 seconds 
  Import took 0.079375 seconds .

========================================================================
Received Import Request.
  Time since last request: 0.000199 seconds.
  path: Assets/Mirror/Examples/Room/Materials/PlayArea.mat
  artifactKey: Guid(3201636fa507dad448e9a36d66a80825) Importer(815301076,1909f56bfc062723c751e8b465ee728b)
Start importing Assets/Mirror/Examples/Room/Materials/PlayArea.mat using Guid(3201636fa507dad448e9a36d66a80825) Importer(815301076,1909f56bfc062723c751e8b465ee728b)  -> (artifact id: '375c01408089dfb85ff67df31f0d532a') in 0.021083 seconds 
  Import took 0.024719 seconds .

========================================================================
Received Import Request.
  Time since last request: 0.000293 seconds.
  path: Assets/Mirror/Examples/MultipleAdditiveScenes/Materials/Render/Prize.mat
  artifactKey: Guid(2becd2014627a774e9e8f668f281f1d2) Importer(815301076,1909f56bfc062723c751e8b465ee728b)
Start importing Assets/Mirror/Examples/MultipleAdditiveScenes/Materials/Render/Prize.mat using Guid(2becd2014627a774e9e8f668f281f1d2) Importer(815301076,1909f56bfc062723c751e8b465ee728b)  -> (artifact id: '8834c0e83bc1497a899ac1283358c8c6') in 0.018052 seconds 
  Import took 0.023402 seconds .

========================================================================
Received Import Request.
  Time since last request: 0.000236 seconds.
  path: Assets/Mirror/Examples/AdditiveLevels/Materials/StartPoint.mat
  artifactKey: Guid(ec3b6ac9651c31248bcfbf695e6f597a) Importer(815301076,1909f56bfc062723c751e8b465ee728b)
Start importing Assets/Mirror/Examples/AdditiveLevels/Materials/StartPoint.mat using Guid(ec3b6ac9651c31248bcfbf695e6f597a) Importer(815301076,1909f56bfc062723c751e8b465ee728b)  -> (artifact id: '028896e23457361ccf57d5bd43611e7e') in 0.020785 seconds 
  Import took 0.024422 seconds .

========================================================================
Received Import Request.
  Time since last request: 0.000202 seconds.
  path: Assets/Mirror/Examples/Benchmark/Materials/White.mat
  artifactKey: Guid(ff8f106e5c9e34da28ad9cee6edb2255) Importer(815301076,1909f56bfc062723c751e8b465ee728b)
Start importing Assets/Mirror/Examples/Benchmark/Materials/White.mat using Guid(ff8f106e5c9e34da28ad9cee6edb2255) Importer(815301076,1909f56bfc062723c751e8b465ee728b)  -> (artifact id: '37e37ebb426d53508d4db060359c52d4') in 0.256779 seconds 
  Import took 0.260505 seconds .

========================================================================
Received Import Request.
  Time since last request: 0.000329 seconds.
  path: Assets/Mirror/Examples/AdditiveScenes/Materials/Cylinder.mat
  artifactKey: Guid(439a10ee8f8d14040be9003239449741) Importer(815301076,1909f56bfc062723c751e8b465ee728b)
Start importing Assets/Mirror/Examples/AdditiveScenes/Materials/Cylinder.mat using Guid(439a10ee8f8d14040be9003239449741) Importer(815301076,1909f56bfc062723c751e8b465ee728b)  -> (artifact id: '6efc6ca228bbbf42273e26d54b597fc6') in 0.021094 seconds 
  Import took 0.026613 seconds .

========================================================================
Received Import Request.
  Time since last request: 0.000249 seconds.
  path: Assets/Mirror/Examples/AdditiveScenes/Materials/Capsule.mat
  artifactKey: Guid(3ec90781e3720544da7fc86055e6cbe6) Importer(815301076,1909f56bfc062723c751e8b465ee728b)
Start importing Assets/Mirror/Examples/AdditiveScenes/Materials/Capsule.mat using Guid(3ec90781e3720544da7fc86055e6cbe6) Importer(815301076,1909f56bfc062723c751e8b465ee728b)  -> (artifact id: 'b12bc70a63d817b8dbca428c0726f0b0') in 0.018707 seconds 
  Import took 0.022618 seconds .

========================================================================
Received Import Request.
  Time since last request: 0.000380 seconds.
  path: Assets/Mirror/Examples/AdditiveLevels/Materials/Player.mat
  artifactKey: Guid(6b7039502d1528a4db29c4d43d159b01) Importer(815301076,1909f56bfc062723c751e8b465ee728b)
Start importing Assets/Mirror/Examples/AdditiveLevels/Materials/Player.mat using Guid(6b7039502d1528a4db29c4d43d159b01) Importer(815301076,1909f56bfc062723c751e8b465ee728b)  -> (artifact id: 'c5bb8f10396ea92216df95611125443d') in 0.014586 seconds 
  Import took 0.017936 seconds .

========================================================================
Received Import Request.
  Time since last request: 0.000175 seconds.
  path: Assets/Mirror/Examples/Room/Materials/Prize.mat
  artifactKey: Guid(a1d7c9f39b41d414d86e64f7761cd545) Importer(815301076,1909f56bfc062723c751e8b465ee728b)
Start importing Assets/Mirror/Examples/Room/Materials/Prize.mat using Guid(a1d7c9f39b41d414d86e64f7761cd545) Importer(815301076,1909f56bfc062723c751e8b465ee728b)  -> (artifact id: '2451c57d35718b698a916bb60e242051') in 0.010182 seconds 
  Import took 0.014861 seconds .

========================================================================
Received Import Request.
  Time since last request: 0.000441 seconds.
  path: Assets/Mirror/Examples/AdditiveScenes/Materials/Zone.mat
  artifactKey: Guid(a7c679cf124f7ae46a0291ea35848554) Importer(815301076,1909f56bfc062723c751e8b465ee728b)
Start importing Assets/Mirror/Examples/AdditiveScenes/Materials/Zone.mat using Guid(a7c679cf124f7ae46a0291ea35848554) Importer(815301076,1909f56bfc062723c751e8b465ee728b)  -> (artifact id: '5b73a28ef01685150f2d3b60192d5b12') in 0.017272 seconds 
  Import took 0.021394 seconds .

========================================================================
Received Import Request.
  Time since last request: 0.000262 seconds.
  path: Assets/Mirror/Examples/AdditiveLevels/Materials/Ground.mat
  artifactKey: Guid(20d755ab53045e545ab0b6e59c710ed9) Importer(815301076,1909f56bfc062723c751e8b465ee728b)
Start importing Assets/Mirror/Examples/AdditiveLevels/Materials/Ground.mat using Guid(20d755ab53045e545ab0b6e59c710ed9) Importer(815301076,1909f56bfc062723c751e8b465ee728b)  -> (artifact id: 'e239a637a52dc57bfd5eafe13bc7b919') in 0.018731 seconds 
  Import took 0.022112 seconds .

========================================================================
Received Import Request.
  Time since last request: 0.000251 seconds.
  path: Assets/Mirror/Examples/Benchmark/Materials/Red.mat
  artifactKey: Guid(451c5da2c5056496297cffba02216286) Importer(815301076,1909f56bfc062723c751e8b465ee728b)
Start importing Assets/Mirror/Examples/Benchmark/Materials/Red.mat using Guid(451c5da2c5056496297cffba02216286) Importer(815301076,1909f56bfc062723c751e8b465ee728b)  -> (artifact id: '8b377f851cb4b7fd1b2dab106add453e') in 0.017007 seconds 
  Import took 0.021411 seconds .

========================================================================
Received Import Request.
  Time since last request: 0.000247 seconds.
  path: Assets/Mirror/Examples/AdditiveScenes/Materials/Cube.mat
  artifactKey: Guid(1d5f3015968dad04780bf9d2113cc772) Importer(815301076,1909f56bfc062723c751e8b465ee728b)
Start importing Assets/Mirror/Examples/AdditiveScenes/Materials/Cube.mat using Guid(1d5f3015968dad04780bf9d2113cc772) Importer(815301076,1909f56bfc062723c751e8b465ee728b)  -> (artifact id: '3ae20c0eca5bb329e2013b99141e0af0') in 0.017224 seconds 
  Import took 0.020959 seconds .

========================================================================
Received Import Request.
  Time since last request: 0.000231 seconds.
  path: Assets/Mirror/Examples/AdditiveScenes/Materials/Shelter.mat
  artifactKey: Guid(aef230244d219314fb8453f0365b8176) Importer(815301076,1909f56bfc062723c751e8b465ee728b)
Start importing Assets/Mirror/Examples/AdditiveScenes/Materials/Shelter.mat using Guid(aef230244d219314fb8453f0365b8176) Importer(815301076,1909f56bfc062723c751e8b465ee728b)  -> (artifact id: '039603c5b431997819de21ae269fa13c') in 0.017424 seconds 
  Import took 0.022003 seconds .

========================================================================
Received Import Request.
  Time since last request: 0.000836 seconds.
  path: Assets/Mirror/Examples/AdditiveScenes/Materials/Sphere.mat
  artifactKey: Guid(58936713efca1ec488624ee297b5d687) Importer(815301076,1909f56bfc062723c751e8b465ee728b)
Start importing Assets/Mirror/Examples/AdditiveScenes/Materials/Sphere.mat using Guid(58936713efca1ec488624ee297b5d687) Importer(815301076,1909f56bfc062723c751e8b465ee728b)  -> (artifact id: '3ba6919fa5350cb77171413b18e87d62') in 0.018870 seconds 
  Import took 0.022759 seconds .

========================================================================
Received Import Request.
  Time since last request: 0.000226 seconds.
  path: Assets/Mirror/Examples/RigidbodyPhysics/Materials/Floor.mat
  artifactKey: Guid(2082151ae101a9445990e8a0fe9142da) Importer(815301076,1909f56bfc062723c751e8b465ee728b)
Start importing Assets/Mirror/Examples/RigidbodyPhysics/Materials/Floor.mat using Guid(2082151ae101a9445990e8a0fe9142da) Importer(815301076,1909f56bfc062723c751e8b465ee728b)  -> (artifact id: 'e75b296a886a63bda1a8456e5b22aac1') in 0.020765 seconds 
  Import took 0.026499 seconds .

========================================================================
Received Import Request.
  Time since last request: 0.000273 seconds.
  path: Assets/Mirror/Examples/RigidbodyPhysics/Materials/Red.mat
  artifactKey: Guid(6ec777c59ba249a4aa16956e9dd9a0ee) Importer(815301076,1909f56bfc062723c751e8b465ee728b)
Start importing Assets/Mirror/Examples/RigidbodyPhysics/Materials/Red.mat using Guid(6ec777c59ba249a4aa16956e9dd9a0ee) Importer(815301076,1909f56bfc062723c751e8b465ee728b)  -> (artifact id: '98e9c2427772ab265b45b0e69559e74c') in 0.018078 seconds 
  Import took 0.022919 seconds .

========================================================================
Received Import Request.
  Time since last request: 0.000267 seconds.
  path: Assets/Mirror/Examples/MultipleAdditiveScenes/Materials/Render/Player.mat
  artifactKey: Guid(2089070a3452e6f4d866c53e51aae8f2) Importer(815301076,1909f56bfc062723c751e8b465ee728b)
Start importing Assets/Mirror/Examples/MultipleAdditiveScenes/Materials/Render/Player.mat using Guid(2089070a3452e6f4d866c53e51aae8f2) Importer(815301076,1909f56bfc062723c751e8b465ee728b)  -> (artifact id: 'fc4359b2b62612a6283eb4d905de4f3e') in 0.016570 seconds 
  Import took 0.020596 seconds .

========================================================================
Received Import Request.
  Time since last request: 0.000238 seconds.
  path: Assets/Mirror/Examples/Tanks/Textures/ProjectileMaterial.mat
  artifactKey: Guid(cba1b63a0bccc4b12ac25f05d0ae2dd1) Importer(815301076,1909f56bfc062723c751e8b465ee728b)
Start importing Assets/Mirror/Examples/Tanks/Textures/ProjectileMaterial.mat using Guid(cba1b63a0bccc4b12ac25f05d0ae2dd1) Importer(815301076,1909f56bfc062723c751e8b465ee728b)  -> (artifact id: '98c7a2a7ee1fde419549a5978f9970e1') in 0.020557 seconds 
  Import took 0.025213 seconds .

========================================================================
Received Import Request.
  Time since last request: 2.462095 seconds.
  path: Assets/Player.prefab
  artifactKey: Guid(863dae753f08c2446b1cd3e3a3809350) Importer(815301076,1909f56bfc062723c751e8b465ee728b)
Start importing Assets/Player.prefab using Guid(863dae753f08c2446b1cd3e3a3809350) Importer(815301076,1909f56bfc062723c751e8b465ee728b)  -> (artifact id: 'd6ca22af647c095c03b61cd96bf8c575') in 0.029188 seconds 
  Import took 0.035314 seconds .

========================================================================
Received Import Request.
  Time since last request: 0.553198 seconds.
  path: Assets/Player.prefab
  artifactKey: Guid(863dae753f08c2446b1cd3e3a3809350) Importer(815301076,1909f56bfc062723c751e8b465ee728b)
Start importing Assets/Player.prefab using Guid(863dae753f08c2446b1cd3e3a3809350) Importer(815301076,1909f56bfc062723c751e8b465ee728b)  -> (artifact id: 'e845c18589a06a602c140d30e1810187') in 0.016602 seconds 
  Import took 0.020641 seconds .

========================================================================
Received Import Request.
  Time since last request: 0.990387 seconds.
  path: Assets/Player.prefab
  artifactKey: Guid(863dae753f08c2446b1cd3e3a3809350) Importer(815301076,1909f56bfc062723c751e8b465ee728b)
Start importing Assets/Player.prefab using Guid(863dae753f08c2446b1cd3e3a3809350) Importer(815301076,1909f56bfc062723c751e8b465ee728b)  -> (artifact id: '280e0f084742f2b9af3fbbcf2494e5a1') in 0.015908 seconds 
  Import took 0.020623 seconds .

========================================================================
Received Import Request.
  Time since last request: 0.578981 seconds.
  path: Assets/Player.prefab
  artifactKey: Guid(863dae753f08c2446b1cd3e3a3809350) Importer(815301076,1909f56bfc062723c751e8b465ee728b)
Start importing Assets/Player.prefab using Guid(863dae753f08c2446b1cd3e3a3809350) Importer(815301076,1909f56bfc062723c751e8b465ee728b)  -> (artifact id: 'e86dc90857322bb98e636f6929550db3') in 0.013540 seconds 
  Import took 0.017455 seconds .

========================================================================
Received Import Request.
  Time since last request: 0.583956 seconds.
  path: Assets/Player.prefab
  artifactKey: Guid(863dae753f08c2446b1cd3e3a3809350) Importer(815301076,1909f56bfc062723c751e8b465ee728b)
Start importing Assets/Player.prefab using Guid(863dae753f08c2446b1cd3e3a3809350) Importer(815301076,1909f56bfc062723c751e8b465ee728b)  -> (artifact id: '614ec1f6b442efbc1431d4f9c77d62fa') in 0.016933 seconds 
  Import took 0.021291 seconds .

========================================================================
Received Import Request.
  Time since last request: 2.390124 seconds.
  path: Assets/Player.prefab
  artifactKey: Guid(863dae753f08c2446b1cd3e3a3809350) Importer(815301076,1909f56bfc062723c751e8b465ee728b)
Start importing Assets/Player.prefab using Guid(863dae753f08c2446b1cd3e3a3809350) Importer(815301076,1909f56bfc062723c751e8b465ee728b)  -> (artifact id: 'b37c6b44bc525a54ff2101c45c85efce') in 0.025727 seconds 
  Import took 0.030876 seconds .

========================================================================
Received Prepare
Registering precompiled user dll's ...
Registered in 0.005726 seconds.
Begin MonoManager ReloadAssembly
Native extension for WindowsStandalone target not found
Refreshing native plugins compatible for Editor in 0.52 ms, found 2 plugins.
Preloading 0 native plugins for Editor in 0.00 ms.
Mono: successfully reloaded assembly
- Completed reload, in  8.463 seconds
Domain Reload Profiling:
	ReloadAssembly (8463ms)
		BeginReloadAssembly (134ms)
			ExecutionOrderSort (0ms)
			DisableScriptedObjects (5ms)
			BackupInstance (0ms)
			ReleaseScriptingObjects (0ms)
			CreateAndSetChildDomain (40ms)
		EndReloadAssembly (8221ms)
			LoadAssemblies (264ms)
			RebuildTransferFunctionScriptingTraits (0ms)
			SetupTypeCache (1449ms)
			ReleaseScriptCaches (1ms)
			RebuildScriptCaches (394ms)
			SetupLoadedEditorAssemblies (4268ms)
				LogAssemblyErrors (0ms)
				InitializePlatformSupportModulesInManaged (19ms)
				SetLoadedEditorAssemblies (2ms)
				RefreshPlugins (1ms)
				BeforeProcessingInitializeOnLoad (1081ms)
				ProcessInitializeOnLoadAttributes (2899ms)
				ProcessInitializeOnLoadMethodAttributes (236ms)
				AfterProcessingInitializeOnLoad (28ms)
				EditorAssembliesLoaded (2ms)
			ExecutionOrderSort2 (0ms)
			AwakeInstancesAfterBackupRestoration (121ms)
Platform modules already initialized, skipping
Refreshing native plugins compatible for Editor in 0.50 ms, found 2 plugins.
Preloading 0 native plugins for Editor in 0.00 ms.
Unloading 1811 Unused Serialized files (Serialized files now loaded: 0)
System memory in use before: 95.4 MB.
System memory in use after: 95.5 MB.

Unloading 19 unused Assets to reduce memory usage. Loaded Objects now: 2333.
Total: 15.586800 ms (FindLiveObjects: 0.384400 ms CreateObjectMapping: 0.673400 ms MarkObjects: 14.362200 ms  DeleteObjects: 0.164000 ms)

AssetImportParameters requested are different than current active one (requested -> active):
  custom:framework-win-MediaFoundation: 216162199b28c13a410421893ffa2e32 -> 
  custom:video-decoder-ogg-theora: a1e56fd34408186e4bbccfd4996cb3dc -> 
  custom:container-muxer-webm: aa71ff27fc2769a1b78a27578f13a17b -> 
  custom:container-demuxer-webm: 4f35f7cbe854078d1ac9338744f61a02 -> 
  custom:container-demuxer-ogg: 62fdf1f143b41e24485cea50d1cbac27 -> 
  custom:video-encoder-webm-vp8: eb34c28f22e8b96e1ab97ce403110664 -> 
  custom:video-decoder-webm-vp8: 9c59270c3fd7afecdb556c50c9e8de78 -> 
  custom:audio-decoder-ogg-vorbis: bf7c407c2cedff20999df2af8eb42d56 -> 
  custom:audio-encoder-webm-vorbis: bf7c407c2cedff20999df2af8eb42d56 -> 
========================================================================
Received Import Request.
  Time since last request: 34.973567 seconds.
  path: Assets/Player.prefab
  artifactKey: Guid(863dae753f08c2446b1cd3e3a3809350) Importer(815301076,1909f56bfc062723c751e8b465ee728b)
Start importing Assets/Player.prefab using Guid(863dae753f08c2446b1cd3e3a3809350) Importer(815301076,1909f56bfc062723c751e8b465ee728b)  -> (artifact id: 'd72b0148fbd4efe6a6fb0cd1c520ccf2') in 0.089507 seconds 
  Import took 0.093860 seconds .

========================================================================
Received Import Request.
  Time since last request: 0.530140 seconds.
  path: Assets/Player.prefab
  artifactKey: Guid(863dae753f08c2446b1cd3e3a3809350) Importer(815301076,1909f56bfc062723c751e8b465ee728b)
Start importing Assets/Player.prefab using Guid(863dae753f08c2446b1cd3e3a3809350) Importer(815301076,1909f56bfc062723c751e8b465ee728b)  -> (artifact id: 'ea85a6a747cd0b1ba2946ca1d43fa044') in 0.016768 seconds 
  Import took 0.021269 seconds .

========================================================================
Received Import Request.
  Time since last request: 0.779444 seconds.
  path: Assets/Player.prefab
  artifactKey: Guid(863dae753f08c2446b1cd3e3a3809350) Importer(815301076,1909f56bfc062723c751e8b465ee728b)
Start importing Assets/Player.prefab using Guid(863dae753f08c2446b1cd3e3a3809350) Importer(815301076,1909f56bfc062723c751e8b465ee728b)  -> (artifact id: '24be99f441575e9cdf57304a41d78692') in 0.019005 seconds 
  Import took 0.024094 seconds .

========================================================================
Received Import Request.
  Time since last request: 2.795686 seconds.
  path: Assets/Player.prefab
  artifactKey: Guid(863dae753f08c2446b1cd3e3a3809350) Importer(815301076,1909f56bfc062723c751e8b465ee728b)
Start importing Assets/Player.prefab using Guid(863dae753f08c2446b1cd3e3a3809350) Importer(815301076,1909f56bfc062723c751e8b465ee728b)  -> (artifact id: 'e4869d29f5143a0e2fd059a25341bbbd') in 0.018198 seconds 
  Import took 0.022813 seconds .

========================================================================
Received Import Request.
  Time since last request: 0.578342 seconds.
  path: Assets/Player.prefab
  artifactKey: Guid(863dae753f08c2446b1cd3e3a3809350) Importer(815301076,1909f56bfc062723c751e8b465ee728b)
Start importing Assets/Player.prefab using Guid(863dae753f08c2446b1cd3e3a3809350) Importer(815301076,1909f56bfc062723c751e8b465ee728b)  -> (artifact id: '1fd1bdfb301771b0265861359f267179') in 0.019679 seconds 
  Import took 0.025888 seconds .

========================================================================
Received Import Request.
  Time since last request: 0.379140 seconds.
  path: Assets/Player.prefab
  artifactKey: Guid(863dae753f08c2446b1cd3e3a3809350) Importer(815301076,1909f56bfc062723c751e8b465ee728b)
Start importing Assets/Player.prefab using Guid(863dae753f08c2446b1cd3e3a3809350) Importer(815301076,1909f56bfc062723c751e8b465ee728b)  -> (artifact id: 'baaf1779037de61839bebc05b3ed714d') in 0.016835 seconds 
  Import took 0.021001 seconds .

========================================================================
Received Import Request.
  Time since last request: 0.376859 seconds.
  path: Assets/Player.prefab
  artifactKey: Guid(863dae753f08c2446b1cd3e3a3809350) Importer(815301076,1909f56bfc062723c751e8b465ee728b)
Start importing Assets/Player.prefab using Guid(863dae753f08c2446b1cd3e3a3809350) Importer(815301076,1909f56bfc062723c751e8b465ee728b)  -> (artifact id: '118e1c9fad636fe96a65cd15bb38c032') in 0.016197 seconds 
  Import took 0.020669 seconds .

========================================================================
Received Import Request.
  Time since last request: 0.603405 seconds.
  path: Assets/Player.prefab
  artifactKey: Guid(863dae753f08c2446b1cd3e3a3809350) Importer(815301076,1909f56bfc062723c751e8b465ee728b)
Start importing Assets/Player.prefab using Guid(863dae753f08c2446b1cd3e3a3809350) Importer(815301076,1909f56bfc062723c751e8b465ee728b)  -> (artifact id: '8d252b67bc6aa82c4d0614ac5773be54') in 0.018705 seconds 
  Import took 0.022804 seconds .

========================================================================
Received Import Request.
  Time since last request: 2.614744 seconds.
  path: Assets/Player.prefab
  artifactKey: Guid(863dae753f08c2446b1cd3e3a3809350) Importer(815301076,1909f56bfc062723c751e8b465ee728b)
Start importing Assets/Player.prefab using Guid(863dae753f08c2446b1cd3e3a3809350) Importer(815301076,1909f56bfc062723c751e8b465ee728b)  -> (artifact id: '457e288306609d3670fb94da11018075') in 0.015780 seconds 
  Import took 0.020771 seconds .

========================================================================
Received Import Request.
  Time since last request: 12.804464 seconds.
  path: Assets/playermat.mat
  artifactKey: Guid(3e2715b031bd9104ab514763e469d6db) Importer(815301076,1909f56bfc062723c751e8b465ee728b)
Start importing Assets/playermat.mat using Guid(3e2715b031bd9104ab514763e469d6db) Importer(815301076,1909f56bfc062723c751e8b465ee728b)  -> (artifact id: '09e28cdc892f8840274f47e08ff3dee5') in 0.032327 seconds 
  Import took 0.036517 seconds .

========================================================================
Received Import Request.
  Time since last request: 10.991373 seconds.
  path: Assets/Player.prefab
  artifactKey: Guid(863dae753f08c2446b1cd3e3a3809350) Importer(815301076,1909f56bfc062723c751e8b465ee728b)
Start importing Assets/Player.prefab using Guid(863dae753f08c2446b1cd3e3a3809350) Importer(815301076,1909f56bfc062723c751e8b465ee728b)  -> (artifact id: '3dcc77e02b8a695595e50fbe0d992cda') in 0.017702 seconds 
  Import took 0.022449 seconds .

========================================================================
Received Prepare
Registering precompiled user dll's ...
Registered in 0.013709 seconds.
Begin MonoManager ReloadAssembly
Native extension for WindowsStandalone target not found
Refreshing native plugins compatible for Editor in 3.39 ms, found 2 plugins.
Preloading 0 native plugins for Editor in 0.00 ms.
Mono: successfully reloaded assembly
- Completed reload, in 10.518 seconds
Domain Reload Profiling:
	ReloadAssembly (10521ms)
		BeginReloadAssembly (149ms)
			ExecutionOrderSort (0ms)
			DisableScriptedObjects (10ms)
			BackupInstance (0ms)
			ReleaseScriptingObjects (0ms)
			CreateAndSetChildDomain (40ms)
		EndReloadAssembly (10254ms)
			LoadAssemblies (219ms)
			RebuildTransferFunctionScriptingTraits (0ms)
			SetupTypeCache (3555ms)
			ReleaseScriptCaches (4ms)
			RebuildScriptCaches (576ms)
			SetupLoadedEditorAssemblies (4173ms)
				LogAssemblyErrors (0ms)
				InitializePlatformSupportModulesInManaged (105ms)
				SetLoadedEditorAssemblies (1ms)
				RefreshPlugins (4ms)
				BeforeProcessingInitializeOnLoad (1016ms)
				ProcessInitializeOnLoadAttributes (2741ms)
				ProcessInitializeOnLoadMethodAttributes (269ms)
				AfterProcessingInitializeOnLoad (35ms)
				EditorAssembliesLoaded (2ms)
			ExecutionOrderSort2 (0ms)
			AwakeInstancesAfterBackupRestoration (102ms)
Platform modules already initialized, skipping
Refreshing native plugins compatible for Editor in 0.46 ms, found 2 plugins.
Preloading 0 native plugins for Editor in 0.00 ms.
Unloading 1811 Unused Serialized files (Serialized files now loaded: 0)
System memory in use before: 95.4 MB.
System memory in use after: 95.5 MB.

Unloading 19 unused Assets to reduce memory usage. Loaded Objects now: 2336.
Total: 11.855100 ms (FindLiveObjects: 1.070700 ms CreateObjectMapping: 0.323200 ms MarkObjects: 10.438400 ms  DeleteObjects: 0.020900 ms)

AssetImportParameters requested are different than current active one (requested -> active):
  custom:framework-win-MediaFoundation: 216162199b28c13a410421893ffa2e32 -> 
  custom:video-decoder-ogg-theora: a1e56fd34408186e4bbccfd4996cb3dc -> 
  custom:container-muxer-webm: aa71ff27fc2769a1b78a27578f13a17b -> 
  custom:container-demuxer-webm: 4f35f7cbe854078d1ac9338744f61a02 -> 
  custom:container-demuxer-ogg: 62fdf1f143b41e24485cea50d1cbac27 -> 
  custom:video-encoder-webm-vp8: eb34c28f22e8b96e1ab97ce403110664 -> 
  custom:video-decoder-webm-vp8: 9c59270c3fd7afecdb556c50c9e8de78 -> 
  custom:audio-decoder-ogg-vorbis: bf7c407c2cedff20999df2af8eb42d56 -> 
  custom:audio-encoder-webm-vorbis: bf7c407c2cedff20999df2af8eb42d56 -> 
========================================================================
Received Import Request.
  Time since last request: 1751.388786 seconds.
  path: Assets/scripts/PlayerMovement.cs
  artifactKey: Guid(95e93dd4a64ebe948b89b34c498629df) Importer(815301076,1909f56bfc062723c751e8b465ee728b)
Start importing Assets/scripts/PlayerMovement.cs using Guid(95e93dd4a64ebe948b89b34c498629df) Importer(815301076,1909f56bfc062723c751e8b465ee728b)  -> (artifact id: 'b9098d34d7ecad14cf2acaaa7fa37ade') in 0.016002 seconds 
  Import took 0.020366 seconds .

========================================================================
Received Prepare
Registering precompiled user dll's ...
Registered in 0.057641 seconds.
Begin MonoManager ReloadAssembly
Native extension for WindowsStandalone target not found
Refreshing native plugins compatible for Editor in 1.74 ms, found 2 plugins.
Preloading 0 native plugins for Editor in 0.00 ms.
Mono: successfully reloaded assembly
- Completed reload, in  3.732 seconds
Domain Reload Profiling:
	ReloadAssembly (3733ms)
		BeginReloadAssembly (292ms)
			ExecutionOrderSort (0ms)
			DisableScriptedObjects (13ms)
			BackupInstance (0ms)
			ReleaseScriptingObjects (0ms)
			CreateAndSetChildDomain (86ms)
		EndReloadAssembly (3151ms)
			LoadAssemblies (327ms)
			RebuildTransferFunctionScriptingTraits (0ms)
			SetupTypeCache (949ms)
			ReleaseScriptCaches (2ms)
			RebuildScriptCaches (188ms)
			SetupLoadedEditorAssemblies (1250ms)
				LogAssemblyErrors (0ms)
				InitializePlatformSupportModulesInManaged (21ms)
				SetLoadedEditorAssemblies (1ms)
				RefreshPlugins (2ms)
				BeforeProcessingInitializeOnLoad (218ms)
				ProcessInitializeOnLoadAttributes (953ms)
				ProcessInitializeOnLoadMethodAttributes (49ms)
				AfterProcessingInitializeOnLoad (7ms)
				EditorAssembliesLoaded (0ms)
			ExecutionOrderSort2 (0ms)
			AwakeInstancesAfterBackupRestoration (20ms)
Platform modules already initialized, skipping
Refreshing native plugins compatible for Editor in 1.23 ms, found 2 plugins.
Preloading 0 native plugins for Editor in 0.00 ms.
Unloading 1811 Unused Serialized files (Serialized files now loaded: 0)
System memory in use before: 95.4 MB.
System memory in use after: 95.5 MB.

Unloading 19 unused Assets to reduce memory usage. Loaded Objects now: 2338.
Total: 8.825300 ms (FindLiveObjects: 0.554300 ms CreateObjectMapping: 0.592700 ms MarkObjects: 7.649800 ms  DeleteObjects: 0.026900 ms)

AssetImportParameters requested are different than current active one (requested -> active):
  custom:framework-win-MediaFoundation: 216162199b28c13a410421893ffa2e32 -> 
  custom:video-decoder-ogg-theora: a1e56fd34408186e4bbccfd4996cb3dc -> 
  custom:container-muxer-webm: aa71ff27fc2769a1b78a27578f13a17b -> 
  custom:container-demuxer-webm: 4f35f7cbe854078d1ac9338744f61a02 -> 
  custom:container-demuxer-ogg: 62fdf1f143b41e24485cea50d1cbac27 -> 
  custom:video-encoder-webm-vp8: eb34c28f22e8b96e1ab97ce403110664 -> 
  custom:video-decoder-webm-vp8: 9c59270c3fd7afecdb556c50c9e8de78 -> 
  custom:audio-decoder-ogg-vorbis: bf7c407c2cedff20999df2af8eb42d56 -> 
  custom:audio-encoder-webm-vorbis: bf7c407c2cedff20999df2af8eb42d56 -> 
AssetImportWorkerClient::OnTransportError - code=2 error=End of file
